[2026-07-08 09:55:56.642] [INFO ] [background-preinit] org.hibernate.validator.internal.util.Version HV000001: Hibernate Validator 8.0.3.Final
[2026-07-08 09:55:56.674] [INFO ] [restartedMain] com.webjjang.api.WebjjangBackApplication Starting WebjjangBackApplication using Java 17.0.12 with PID 13148 (D:\leeyh\workspace\springboot-react-project\202512springboot_react_project\webjjang_back\target\classes started by User in D:\leeyh\workspace\springboot-react-project\202512springboot_react_project\webjjang_back)
[2026-07-08 09:55:56.674] [INFO ] [restartedMain] com.webjjang.api.WebjjangBackApplication No active profile set, falling back to 1 default profile: "default"
[2026-07-08 09:55:56.699] [INFO ] [restartedMain] org.springframework.boot.devtools.env.DevToolsPropertyDefaultsPostProcessor Devtools property defaults active! Set 'spring.devtools.add-properties' to 'false' to disable
[2026-07-08 09:55:56.699] [INFO ] [restartedMain] org.springframework.boot.devtools.env.DevToolsPropertyDefaultsPostProcessor For additional web related logging consider setting the 'logging.level.web' property to 'DEBUG'
[2026-07-08 09:55:57.598] [INFO ] [restartedMain] org.springframework.data.repository.config.RepositoryConfigurationDelegate Bootstrapping Spring Data JPA repositories in DEFAULT mode.
[2026-07-08 09:55:57.637] [INFO ] [restartedMain] org.springframework.data.repository.config.RepositoryConfigurationDelegate Finished Spring Data repository scanning in 34 ms. Found 3 JPA repository interfaces.
[2026-07-08 09:55:58.050] [INFO ] [restartedMain] org.springframework.boot.web.embedded.tomcat.TomcatWebServer Tomcat initialized with port 80 (http)
[2026-07-08 09:55:58.059] [INFO ] [restartedMain] org.apache.coyote.http11.Http11NioProtocol Initializing ProtocolHandler ["http-nio-80"]
[2026-07-08 09:55:58.059] [INFO ] [restartedMain] org.apache.catalina.core.StandardService Starting service [Tomcat]
[2026-07-08 09:55:58.059] [INFO ] [restartedMain] org.apache.catalina.core.StandardEngine Starting Servlet engine: [Apache Tomcat/10.1.55]
[2026-07-08 09:55:58.099] [INFO ] [restartedMain] org.apache.catalina.core.ContainerBase.[Tomcat].[localhost].[/] Initializing Spring embedded WebApplicationContext
[2026-07-08 09:55:58.099] [INFO ] [restartedMain] org.springframework.boot.web.servlet.context.ServletWebServerApplicationContext Root WebApplicationContext: initialization completed in 1399 ms
[2026-07-08 09:55:58.236] [INFO ] [restartedMain] org.hibernate.jpa.internal.util.LogHelper HHH000204: Processing PersistenceUnitInfo [name: default]
[2026-07-08 09:55:58.280] [INFO ] [restartedMain] org.hibernate.Version HHH000412: Hibernate ORM core version 6.6.53.Final
[2026-07-08 09:55:58.311] [INFO ] [restartedMain] org.hibernate.cache.internal.RegionFactoryInitiator HHH000026: Second-level cache disabled
[2026-07-08 09:55:58.483] [INFO ] [restartedMain] org.springframework.orm.jpa.persistenceunit.SpringPersistenceUnitInfo No LoadTimeWeaver setup: ignoring JPA class transformer
[2026-07-08 09:55:58.506] [INFO ] [restartedMain] com.zaxxer.hikari.HikariDataSource HikariPool-1 - Starting...
[2026-07-08 09:55:58.558] [INFO ] [restartedMain] com.zaxxer.hikari.pool.HikariPool HikariPool-1 - Added connection org.mariadb.jdbc.Connection@3ab9399d
[2026-07-08 09:55:58.560] [INFO ] [restartedMain] com.zaxxer.hikari.HikariDataSource HikariPool-1 - Start completed.
[2026-07-08 09:55:58.600] [INFO ] [restartedMain] org.hibernate.orm.connections.pooling HHH10001005: Database info:
	Database JDBC URL [Connecting through datasource 'HikariDataSource (HikariPool-1)']
	Database driver: undefined/unknown
	Database version: 10.6.27
	Autocommit mode: undefined/unknown
	Isolation level: undefined/unknown
	Minimum pool size: undefined/unknown
	Maximum pool size: undefined/unknown
[2026-07-08 09:55:59.155] [INFO ] [restartedMain] org.hibernate.engine.transaction.jta.platform.internal.JtaPlatformInitiator HHH000489: No JTA platform available (set 'hibernate.transaction.jta.platform' to enable JTA platform integration)
[2026-07-08 09:55:59.372] [INFO ] [restartedMain] org.springframework.orm.jpa.LocalContainerEntityManagerFactoryBean Initialized JPA EntityManagerFactory for persistence unit 'default'
[2026-07-08 09:55:59.535] [WARN ] [restartedMain] org.springframework.boot.web.servlet.context.AnnotationConfigServletWebServerApplicationContext Exception encountered during context initialization - cancelling refresh attempt: org.springframework.beans.factory.UnsatisfiedDependencyException: Error creating bean with name 'boardRestController' defined in file [D:\leeyh\workspace\springboot-react-project\202512springboot_react_project\webjjang_back\target\classes\com\webjjang\api\board\controller\BoardRestController.class]: Unsatisfied dependency expressed through constructor parameter 0: Error creating bean with name 'boardServiceImpl': Unsatisfied dependency expressed through field 'boardRepositoryCustom': Error creating bean with name 'boardRepositoryCustomImpl' defined in file [D:\leeyh\workspace\springboot-react-project\202512springboot_react_project\webjjang_back\target\classes\com\webjjang\api\board\repository\BoardRepositoryCustomImpl.class]: Unsatisfied dependency expressed through constructor parameter 1: Error creating bean with name 'QBoardRepository' defined in com.webjjang.api.board.repository.QBoardRepository defined in @EnableJpaRepositories declared on JpaRepositoriesRegistrar.EnableJpaRepositoriesConfiguration: Could not create query for public abstract void com.webjjang.api.board.repository.QBoardRepository.deleteByNoPw(java.lang.Long,java.lang.String); Reason: Failed to create query for method public abstract void com.webjjang.api.board.repository.QBoardRepository.deleteByNoPw(java.lang.Long,java.lang.String); No property 'pw' found for type 'Long'; Traversed path: Board.no
[2026-07-08 09:55:59.535] [INFO ] [restartedMain] org.springframework.orm.jpa.LocalContainerEntityManagerFactoryBean Closing JPA EntityManagerFactory for persistence unit 'default'
[2026-07-08 09:55:59.537] [INFO ] [restartedMain] com.zaxxer.hikari.HikariDataSource HikariPool-1 - Shutdown initiated...
[2026-07-08 09:55:59.540] [INFO ] [restartedMain] com.zaxxer.hikari.HikariDataSource HikariPool-1 - Shutdown completed.
[2026-07-08 09:55:59.542] [INFO ] [restartedMain] org.apache.catalina.core.StandardService Stopping service [Tomcat]
[2026-07-08 09:55:59.554] [INFO ] [restartedMain] org.springframework.boot.autoconfigure.logging.ConditionEvaluationReportLogger 

Error starting ApplicationContext. To display the condition evaluation report re-run your application with 'debug' enabled.
[2026-07-08 09:55:59.562] [ERROR] [restartedMain] org.springframework.boot.SpringApplication Application run failed
org.springframework.beans.factory.UnsatisfiedDependencyException: Error creating bean with name 'boardRestController' defined in file [D:\leeyh\workspace\springboot-react-project\202512springboot_react_project\webjjang_back\target\classes\com\webjjang\api\board\controller\BoardRestController.class]: Unsatisfied dependency expressed through constructor parameter 0: Error creating bean with name 'boardServiceImpl': Unsatisfied dependency expressed through field 'boardRepositoryCustom': Error creating bean with name 'boardRepositoryCustomImpl' defined in file [D:\leeyh\workspace\springboot-react-project\202512springboot_react_project\webjjang_back\target\classes\com\webjjang\api\board\repository\BoardRepositoryCustomImpl.class]: Unsatisfied dependency expressed through constructor parameter 1: Error creating bean with name 'QBoardRepository' defined in com.webjjang.api.board.repository.QBoardRepository defined in @EnableJpaRepositories declared on JpaRepositoriesRegistrar.EnableJpaRepositoriesConfiguration: Could not create query for public abstract void com.webjjang.api.board.repository.QBoardRepository.deleteByNoPw(java.lang.Long,java.lang.String); Reason: Failed to create query for method public abstract void com.webjjang.api.board.repository.QBoardRepository.deleteByNoPw(java.lang.Long,java.lang.String); No property 'pw' found for type 'Long'; Traversed path: Board.no
	at org.springframework.beans.factory.support.ConstructorResolver.createArgumentArray(ConstructorResolver.java:804)
	at org.springframework.beans.factory.support.ConstructorResolver.autowireConstructor(ConstructorResolver.java:240)
	at org.springframework.beans.factory.support.AbstractAutowireCapableBeanFactory.autowireConstructor(AbstractAutowireCapableBeanFactory.java:1393)
	at org.springframework.beans.factory.support.AbstractAutowireCapableBeanFactory.createBeanInstance(AbstractAutowireCapableBeanFactory.java:1230)
	at org.springframework.beans.factory.support.AbstractAutowireCapableBeanFactory.doCreateBean(AbstractAutowireCapableBeanFactory.java:569)
	at org.springframework.beans.factory.support.AbstractAutowireCapableBeanFactory.createBean(AbstractAutowireCapableBeanFactory.java:529)
	at org.springframework.beans.factory.support.AbstractBeanFactory.lambda$doGetBean$0(AbstractBeanFactory.java:339)
	at org.springframework.beans.factory.support.DefaultSingletonBeanRegistry.getSingleton(DefaultSingletonBeanRegistry.java:373)
	at org.springframework.beans.factory.support.AbstractBeanFactory.doGetBean(AbstractBeanFactory.java:337)
	at org.springframework.beans.factory.support.AbstractBeanFactory.getBean(AbstractBeanFactory.java:202)
	at org.springframework.beans.factory.support.DefaultListableBeanFactory.instantiateSingleton(DefaultListableBeanFactory.java:1235)
	at org.springframework.beans.factory.support.DefaultListableBeanFactory.preInstantiateSingleton(DefaultListableBeanFactory.java:1201)
	at org.springframework.beans.factory.support.DefaultListableBeanFactory.preInstantiateSingletons(DefaultListableBeanFactory.java:1130)
	at org.springframework.context.support.AbstractApplicationContext.finishBeanFactoryInitialization(AbstractApplicationContext.java:991)
	at org.springframework.context.support.AbstractApplicationContext.refresh(AbstractApplicationContext.java:628)
	at org.springframework.boot.web.servlet.context.ServletWebServerApplicationContext.refresh(ServletWebServerApplicationContext.java:146)
	at org.springframework.boot.SpringApplication.refresh(SpringApplication.java:752)
	at org.springframework.boot.SpringApplication.refreshContext(SpringApplication.java:439)
	at org.springframework.boot.SpringApplication.run(SpringApplication.java:318)
	at org.springframework.boot.SpringApplication.run(SpringApplication.java:1361)
	at org.springframework.boot.SpringApplication.run(SpringApplication.java:1350)
	at com.webjjang.api.WebjjangBackApplication.main(WebjjangBackApplication.java:10)
	at java.base/jdk.internal.reflect.NativeMethodAccessorImpl.invoke0(Native Method)
	at java.base/jdk.internal.reflect.NativeMethodAccessorImpl.invoke(NativeMethodAccessorImpl.java:77)
	at java.base/jdk.internal.reflect.DelegatingMethodAccessorImpl.invoke(DelegatingMethodAccessorImpl.java:43)
	at java.base/java.lang.reflect.Method.invoke(Method.java:568)
	at org.springframework.boot.devtools.restart.RestartLauncher.run(RestartLauncher.java:50)
Caused by: org.springframework.beans.factory.UnsatisfiedDependencyException: Error creating bean with name 'boardServiceImpl': Unsatisfied dependency expressed through field 'boardRepositoryCustom': Error creating bean with name 'boardRepositoryCustomImpl' defined in file [D:\leeyh\workspace\springboot-react-project\202512springboot_react_project\webjjang_back\target\classes\com\webjjang\api\board\repository\BoardRepositoryCustomImpl.class]: Unsatisfied dependency expressed through constructor parameter 1: Error creating bean with name 'QBoardRepository' defined in com.webjjang.api.board.repository.QBoardRepository defined in @EnableJpaRepositories declared on JpaRepositoriesRegistrar.EnableJpaRepositoriesConfiguration: Could not create query for public abstract void com.webjjang.api.board.repository.QBoardRepository.deleteByNoPw(java.lang.Long,java.lang.String); Reason: Failed to create query for method public abstract void com.webjjang.api.board.repository.QBoardRepository.deleteByNoPw(java.lang.Long,java.lang.String); No property 'pw' found for type 'Long'; Traversed path: Board.no
	at org.springframework.beans.factory.annotation.AutowiredAnnotationBeanPostProcessor$AutowiredFieldElement.resolveFieldValue(AutowiredAnnotationBeanPostProcessor.java:787)
	at org.springframework.beans.factory.annotation.AutowiredAnnotationBeanPostProcessor$AutowiredFieldElement.inject(AutowiredAnnotationBeanPostProcessor.java:767)
	at org.springframework.beans.factory.annotation.InjectionMetadata.inject(InjectionMetadata.java:146)
	at org.springframework.beans.factory.annotation.AutowiredAnnotationBeanPostProcessor.postProcessProperties(AutowiredAnnotationBeanPostProcessor.java:509)
	at org.springframework.beans.factory.support.AbstractAutowireCapableBeanFactory.populateBean(AbstractAutowireCapableBeanFactory.java:1457)
	at org.springframework.beans.factory.support.AbstractAutowireCapableBeanFactory.doCreateBean(AbstractAutowireCapableBeanFactory.java:606)
	at org.springframework.beans.factory.support.AbstractAutowireCapableBeanFactory.createBean(AbstractAutowireCapableBeanFactory.java:529)
	at org.springframework.beans.factory.support.AbstractBeanFactory.lambda$doGetBean$0(AbstractBeanFactory.java:339)
	at org.springframework.beans.factory.support.DefaultSingletonBeanRegistry.getSingleton(DefaultSingletonBeanRegistry.java:373)
	at org.springframework.beans.factory.support.AbstractBeanFactory.doGetBean(AbstractBeanFactory.java:337)
	at org.springframework.beans.factory.support.AbstractBeanFactory.getBean(AbstractBeanFactory.java:202)
	at org.springframework.beans.factory.config.DependencyDescriptor.resolveCandidate(DependencyDescriptor.java:254)
	at org.springframework.beans.factory.support.DefaultListableBeanFactory.doResolveDependency(DefaultListableBeanFactory.java:1777)
	at org.springframework.beans.factory.support.DefaultListableBeanFactory.resolveDependency(DefaultListableBeanFactory.java:1660)
	at org.springframework.beans.factory.support.ConstructorResolver.resolveAutowiredArgument(ConstructorResolver.java:913)
	at org.springframework.beans.factory.support.ConstructorResolver.createArgumentArray(ConstructorResolver.java:791)
	... 26 common frames omitted
Caused by: org.springframework.beans.factory.UnsatisfiedDependencyException: Error creating bean with name 'boardRepositoryCustomImpl' defined in file [D:\leeyh\workspace\springboot-react-project\202512springboot_react_project\webjjang_back\target\classes\com\webjjang\api\board\repository\BoardRepositoryCustomImpl.class]: Unsatisfied dependency expressed through constructor parameter 1: Error creating bean with name 'QBoardRepository' defined in com.webjjang.api.board.repository.QBoardRepository defined in @EnableJpaRepositories declared on JpaRepositoriesRegistrar.EnableJpaRepositoriesConfiguration: Could not create query for public abstract void com.webjjang.api.board.repository.QBoardRepository.deleteByNoPw(java.lang.Long,java.lang.String); Reason: Failed to create query for method public abstract void com.webjjang.api.board.repository.QBoardRepository.deleteByNoPw(java.lang.Long,java.lang.String); No property 'pw' found for type 'Long'; Traversed path: Board.no
	at org.springframework.beans.factory.support.ConstructorResolver.createArgumentArray(ConstructorResolver.java:804)
	at org.springframework.beans.factory.support.ConstructorResolver.autowireConstructor(ConstructorResolver.java:240)
	at org.springframework.beans.factory.support.AbstractAutowireCapableBeanFactory.autowireConstructor(AbstractAutowireCapableBeanFactory.java:1393)
	at org.springframework.beans.factory.support.AbstractAutowireCapableBeanFactory.createBeanInstance(AbstractAutowireCapableBeanFactory.java:1230)
	at org.springframework.beans.factory.support.AbstractAutowireCapableBeanFactory.doCreateBean(AbstractAutowireCapableBeanFactory.java:569)
	at org.springframework.beans.factory.support.AbstractAutowireCapableBeanFactory.createBean(AbstractAutowireCapableBeanFactory.java:529)
	at org.springframework.beans.factory.support.AbstractBeanFactory.lambda$doGetBean$0(AbstractBeanFactory.java:339)
	at org.springframework.beans.factory.support.DefaultSingletonBeanRegistry.getSingleton(DefaultSingletonBeanRegistry.java:373)
	at org.springframework.beans.factory.support.AbstractBeanFactory.doGetBean(AbstractBeanFactory.java:337)
	at org.springframework.beans.factory.support.AbstractBeanFactory.getBean(AbstractBeanFactory.java:202)
	at org.springframework.beans.factory.config.DependencyDescriptor.resolveCandidate(DependencyDescriptor.java:254)
	at org.springframework.beans.factory.support.DefaultListableBeanFactory.doResolveDependency(DefaultListableBeanFactory.java:1777)
	at org.springframework.beans.factory.support.DefaultListableBeanFactory.resolveDependency(DefaultListableBeanFactory.java:1660)
	at org.springframework.beans.factory.annotation.AutowiredAnnotationBeanPostProcessor$AutowiredFieldElement.resolveFieldValue(AutowiredAnnotationBeanPostProcessor.java:784)
	... 41 common frames omitted
Caused by: org.springframework.beans.factory.BeanCreationException: Error creating bean with name 'QBoardRepository' defined in com.webjjang.api.board.repository.QBoardRepository defined in @EnableJpaRepositories declared on JpaRepositoriesRegistrar.EnableJpaRepositoriesConfiguration: Could not create query for public abstract void com.webjjang.api.board.repository.QBoardRepository.deleteByNoPw(java.lang.Long,java.lang.String); Reason: Failed to create query for method public abstract void com.webjjang.api.board.repository.QBoardRepository.deleteByNoPw(java.lang.Long,java.lang.String); No property 'pw' found for type 'Long'; Traversed path: Board.no
	at org.springframework.beans.factory.support.AbstractAutowireCapableBeanFactory.initializeBean(AbstractAutowireCapableBeanFactory.java:1824)
	at org.springframework.beans.factory.support.AbstractAutowireCapableBeanFactory.doCreateBean(AbstractAutowireCapableBeanFactory.java:607)
	at org.springframework.beans.factory.support.AbstractAutowireCapableBeanFactory.createBean(AbstractAutowireCapableBeanFactory.java:529)
	at org.springframework.beans.factory.support.AbstractBeanFactory.lambda$doGetBean$0(AbstractBeanFactory.java:339)
	at org.springframework.beans.factory.support.DefaultSingletonBeanRegistry.getSingleton(DefaultSingletonBeanRegistry.java:373)
	at org.springframework.beans.factory.support.AbstractBeanFactory.doGetBean(AbstractBeanFactory.java:337)
	at org.springframework.beans.factory.support.AbstractBeanFactory.getBean(AbstractBeanFactory.java:202)
	at org.springframework.beans.factory.config.DependencyDescriptor.resolveCandidate(DependencyDescriptor.java:254)
	at org.springframework.beans.factory.support.DefaultListableBeanFactory.doResolveDependency(DefaultListableBeanFactory.java:1777)
	at org.springframework.beans.factory.support.DefaultListableBeanFactory.resolveDependency(DefaultListableBeanFactory.java:1660)
	at org.springframework.beans.factory.support.ConstructorResolver.resolveAutowiredArgument(ConstructorResolver.java:913)
	at org.springframework.beans.factory.support.ConstructorResolver.createArgumentArray(ConstructorResolver.java:791)
	... 54 common frames omitted
Caused by: org.springframework.data.repository.query.QueryCreationException: Could not create query for public abstract void com.webjjang.api.board.repository.QBoardRepository.deleteByNoPw(java.lang.Long,java.lang.String); Reason: Failed to create query for method public abstract void com.webjjang.api.board.repository.QBoardRepository.deleteByNoPw(java.lang.Long,java.lang.String); No property 'pw' found for type 'Long'; Traversed path: Board.no
	at org.springframework.data.repository.query.QueryCreationException.create(QueryCreationException.java:101)
	at org.springframework.data.repository.core.support.QueryExecutorMethodInterceptor.lookupQuery(QueryExecutorMethodInterceptor.java:120)
	at org.springframework.data.repository.core.support.QueryExecutorMethodInterceptor.mapMethodsToQuery(QueryExecutorMethodInterceptor.java:104)
	at org.springframework.data.repository.core.support.QueryExecutorMethodInterceptor.lambda$new$0(QueryExecutorMethodInterceptor.java:92)
	at java.base/java.util.Optional.map(Optional.java:260)
	at org.springframework.data.repository.core.support.QueryExecutorMethodInterceptor.<init>(QueryExecutorMethodInterceptor.java:92)
	at org.springframework.data.repository.core.support.RepositoryFactorySupport.getRepository(RepositoryFactorySupport.java:434)
	at org.springframework.data.repository.core.support.RepositoryFactoryBeanSupport.lambda$afterPropertiesSet$4(RepositoryFactoryBeanSupport.java:355)
	at org.springframework.data.util.Lazy.getNullable(Lazy.java:135)
	at org.springframework.data.util.Lazy.get(Lazy.java:113)
	at org.springframework.data.repository.core.support.RepositoryFactoryBeanSupport.afterPropertiesSet(RepositoryFactoryBeanSupport.java:361)
	at org.springframework.data.jpa.repository.support.JpaRepositoryFactoryBean.afterPropertiesSet(JpaRepositoryFactoryBean.java:132)
	at org.springframework.beans.factory.support.AbstractAutowireCapableBeanFactory.invokeInitMethods(AbstractAutowireCapableBeanFactory.java:1871)
	at org.springframework.beans.factory.support.AbstractAutowireCapableBeanFactory.initializeBean(AbstractAutowireCapableBeanFactory.java:1820)
	... 65 common frames omitted
Caused by: java.lang.IllegalArgumentException: Failed to create query for method public abstract void com.webjjang.api.board.repository.QBoardRepository.deleteByNoPw(java.lang.Long,java.lang.String); No property 'pw' found for type 'Long'; Traversed path: Board.no
	at org.springframework.data.jpa.repository.query.PartTreeJpaQuery.<init>(PartTreeJpaQuery.java:107)
	at org.springframework.data.jpa.repository.query.JpaQueryLookupStrategy$CreateQueryLookupStrategy.resolveQuery(JpaQueryLookupStrategy.java:128)
	at org.springframework.data.jpa.repository.query.JpaQueryLookupStrategy$CreateIfNotFoundQueryLookupStrategy.resolveQuery(JpaQueryLookupStrategy.java:260)
	at org.springframework.data.jpa.repository.query.JpaQueryLookupStrategy$AbstractQueryLookupStrategy.resolveQuery(JpaQueryLookupStrategy.java:99)
	at org.springframework.data.repository.core.support.QueryExecutorMethodInterceptor.lookupQuery(QueryExecutorMethodInterceptor.java:116)
	... 77 common frames omitted
Caused by: org.springframework.data.mapping.PropertyReferenceException: No property 'pw' found for type 'Long'; Traversed path: Board.no
	at org.springframework.data.mapping.PropertyPath.<init>(PropertyPath.java:95)
	at org.springframework.data.mapping.PropertyPath.create(PropertyPath.java:460)
	at org.springframework.data.mapping.PropertyPath.create(PropertyPath.java:436)
	at org.springframework.data.mapping.PropertyPath.create(PropertyPath.java:470)
	at org.springframework.data.mapping.PropertyPath.create(PropertyPath.java:493)
	at org.springframework.data.mapping.PropertyPath.create(PropertyPath.java:436)
	at org.springframework.data.mapping.PropertyPath.lambda$from$0(PropertyPath.java:389)
	at org.springframework.util.ConcurrentReferenceHashMap$6.execute(ConcurrentReferenceHashMap.java:402)
	at org.springframework.util.ConcurrentReferenceHashMap$Segment.doTask(ConcurrentReferenceHashMap.java:709)
	at org.springframework.util.ConcurrentReferenceHashMap.doTask(ConcurrentReferenceHashMap.java:591)
	at org.springframework.util.ConcurrentReferenceHashMap.computeIfAbsent(ConcurrentReferenceHashMap.java:396)
	at org.springframework.data.mapping.PropertyPath.from(PropertyPath.java:367)
	at org.springframework.data.mapping.PropertyPath.from(PropertyPath.java:345)
	at org.springframework.data.repository.query.parser.Part.<init>(Part.java:81)
	at org.springframework.data.repository.query.parser.PartTree$OrPart.lambda$new$0(PartTree.java:259)
	at java.base/java.util.stream.ReferencePipeline$3$1.accept(ReferencePipeline.java:197)
	at java.base/java.util.stream.ReferencePipeline$2$1.accept(ReferencePipeline.java:179)
	at java.base/java.util.Spliterators$ArraySpliterator.forEachRemaining(Spliterators.java:992)
	at java.base/java.util.stream.AbstractPipeline.copyInto(AbstractPipeline.java:509)
	at java.base/java.util.stream.AbstractPipeline.wrapAndCopyInto(AbstractPipeline.java:499)
	at java.base/java.util.stream.ReduceOps$ReduceOp.evaluateSequential(ReduceOps.java:921)
	at java.base/java.util.stream.AbstractPipeline.evaluate(AbstractPipeline.java:234)
	at java.base/java.util.stream.ReferencePipeline.collect(ReferencePipeline.java:682)
	at org.springframework.data.repository.query.parser.PartTree$OrPart.<init>(PartTree.java:260)
	at org.springframework.data.repository.query.parser.PartTree$Predicate.lambda$new$0(PartTree.java:389)
	at java.base/java.util.stream.ReferencePipeline$3$1.accept(ReferencePipeline.java:197)
	at java.base/java.util.stream.ReferencePipeline$2$1.accept(ReferencePipeline.java:179)
	at java.base/java.util.Spliterators$ArraySpliterator.forEachRemaining(Spliterators.java:992)
	at java.base/java.util.stream.AbstractPipeline.copyInto(AbstractPipeline.java:509)
	at java.base/java.util.stream.AbstractPipeline.wrapAndCopyInto(AbstractPipeline.java:499)
	at java.base/java.util.stream.ReduceOps$ReduceOp.evaluateSequential(ReduceOps.java:921)
	at java.base/java.util.stream.AbstractPipeline.evaluate(AbstractPipeline.java:234)
	at java.base/java.util.stream.ReferencePipeline.collect(ReferencePipeline.java:682)
	at org.springframework.data.repository.query.parser.PartTree$Predicate.<init>(PartTree.java:390)
	at org.springframework.data.repository.query.parser.PartTree.<init>(PartTree.java:103)
	at org.springframework.data.jpa.repository.query.PartTreeJpaQuery.<init>(PartTreeJpaQuery.java:101)
	... 81 common frames omitted
[2026-07-08 10:00:06.846] [INFO ] [background-preinit] org.hibernate.validator.internal.util.Version HV000001: Hibernate Validator 8.0.3.Final
[2026-07-08 10:00:06.883] [INFO ] [restartedMain] com.webjjang.api.WebjjangBackApplication Starting WebjjangBackApplication using Java 17.0.12 with PID 6472 (D:\leeyh\workspace\springboot-react-project\202512springboot_react_project\webjjang_back\target\classes started by User in D:\leeyh\workspace\springboot-react-project\202512springboot_react_project\webjjang_back)
[2026-07-08 10:00:06.883] [INFO ] [restartedMain] com.webjjang.api.WebjjangBackApplication No active profile set, falling back to 1 default profile: "default"
[2026-07-08 10:00:06.912] [INFO ] [restartedMain] org.springframework.boot.devtools.env.DevToolsPropertyDefaultsPostProcessor Devtools property defaults active! Set 'spring.devtools.add-properties' to 'false' to disable
[2026-07-08 10:00:06.912] [INFO ] [restartedMain] org.springframework.boot.devtools.env.DevToolsPropertyDefaultsPostProcessor For additional web related logging consider setting the 'logging.level.web' property to 'DEBUG'
[2026-07-08 10:00:07.667] [INFO ] [restartedMain] org.springframework.data.repository.config.RepositoryConfigurationDelegate Bootstrapping Spring Data JPA repositories in DEFAULT mode.
[2026-07-08 10:00:07.706] [INFO ] [restartedMain] org.springframework.data.repository.config.RepositoryConfigurationDelegate Finished Spring Data repository scanning in 34 ms. Found 3 JPA repository interfaces.
[2026-07-08 10:00:08.096] [INFO ] [restartedMain] org.springframework.boot.web.embedded.tomcat.TomcatWebServer Tomcat initialized with port 80 (http)
[2026-07-08 10:00:08.103] [INFO ] [restartedMain] org.apache.coyote.http11.Http11NioProtocol Initializing ProtocolHandler ["http-nio-80"]
[2026-07-08 10:00:08.104] [INFO ] [restartedMain] org.apache.catalina.core.StandardService Starting service [Tomcat]
[2026-07-08 10:00:08.104] [INFO ] [restartedMain] org.apache.catalina.core.StandardEngine Starting Servlet engine: [Apache Tomcat/10.1.55]
[2026-07-08 10:00:08.141] [INFO ] [restartedMain] org.apache.catalina.core.ContainerBase.[Tomcat].[localhost].[/] Initializing Spring embedded WebApplicationContext
[2026-07-08 10:00:08.141] [INFO ] [restartedMain] org.springframework.boot.web.servlet.context.ServletWebServerApplicationContext Root WebApplicationContext: initialization completed in 1229 ms
[2026-07-08 10:00:08.262] [INFO ] [restartedMain] org.hibernate.jpa.internal.util.LogHelper HHH000204: Processing PersistenceUnitInfo [name: default]
[2026-07-08 10:00:08.285] [INFO ] [restartedMain] org.hibernate.Version HHH000412: Hibernate ORM core version 6.6.53.Final
[2026-07-08 10:00:08.305] [INFO ] [restartedMain] org.hibernate.cache.internal.RegionFactoryInitiator HHH000026: Second-level cache disabled
[2026-07-08 10:00:08.444] [INFO ] [restartedMain] org.springframework.orm.jpa.persistenceunit.SpringPersistenceUnitInfo No LoadTimeWeaver setup: ignoring JPA class transformer
[2026-07-08 10:00:08.459] [INFO ] [restartedMain] com.zaxxer.hikari.HikariDataSource HikariPool-1 - Starting...
[2026-07-08 10:00:08.502] [INFO ] [restartedMain] com.zaxxer.hikari.pool.HikariPool HikariPool-1 - Added connection org.mariadb.jdbc.Connection@275341d6
[2026-07-08 10:00:08.503] [INFO ] [restartedMain] com.zaxxer.hikari.HikariDataSource HikariPool-1 - Start completed.
[2026-07-08 10:00:08.541] [INFO ] [restartedMain] org.hibernate.orm.connections.pooling HHH10001005: Database info:
	Database JDBC URL [Connecting through datasource 'HikariDataSource (HikariPool-1)']
	Database driver: undefined/unknown
	Database version: 10.6.27
	Autocommit mode: undefined/unknown
	Isolation level: undefined/unknown
	Minimum pool size: undefined/unknown
	Maximum pool size: undefined/unknown
[2026-07-08 10:00:09.026] [INFO ] [restartedMain] org.hibernate.engine.transaction.jta.platform.internal.JtaPlatformInitiator HHH000489: No JTA platform available (set 'hibernate.transaction.jta.platform' to enable JTA platform integration)
[2026-07-08 10:00:09.234] [INFO ] [restartedMain] org.springframework.orm.jpa.LocalContainerEntityManagerFactoryBean Initialized JPA EntityManagerFactory for persistence unit 'default'
[2026-07-08 10:00:09.475] [INFO ] [restartedMain] com.webjjang.api.config.security.JwtTokenProvider [init] JwtTokenProvider ļé┤ secretKey ņØ┤ņÜ® key ņ┤łĻĖ░ĒÖö ņŗ£ņ×æ
[2026-07-08 10:00:09.478] [INFO ] [restartedMain] com.webjjang.api.config.security.JwtTokenProvider [init] JwtTokenProvider ļé┤ secretKey ņØ┤ņÜ® key ņ┤łĻĖ░ĒÖö ņ┤łĻĖ░ĒÖö ņÖäļŻī
[2026-07-08 10:00:09.550] [WARN ] [restartedMain] org.springframework.boot.autoconfigure.orm.jpa.JpaBaseConfiguration$JpaWebConfiguration spring.jpa.open-in-view is enabled by default. Therefore, database queries may be performed during view rendering. Explicitly configure spring.jpa.open-in-view to disable this warning
[2026-07-08 10:00:09.570] [WARN ] [restartedMain] org.springframework.boot.autoconfigure.security.servlet.UserDetailsServiceAutoConfiguration 

Using generated security password: 6f14dd1a-0d6e-40e8-bef2-2acb259724eb

This generated password is for development use only. Your security configuration must be updated before running your application in production.

[2026-07-08 10:00:09.573] [INFO ] [restartedMain] org.springframework.security.config.annotation.authentication.configuration.InitializeUserDetailsBeanManagerConfigurer$InitializeUserDetailsManagerConfigurer Global AuthenticationManager configured with UserDetailsService bean with name inMemoryUserDetailsManager
[2026-07-08 10:00:09.781] [INFO ] [restartedMain] org.springframework.boot.actuate.endpoint.web.EndpointLinksResolver Exposing 1 endpoint beneath base path '/actuator'
[2026-07-08 10:00:09.798] [WARN ] [restartedMain] org.springframework.security.config.annotation.web.configurers.AuthorizeHttpRequestsConfigurer$AuthorizationManagerRequestMatcherRegistry One of the patterns in [**exception**] is missing a leading slash. This is discouraged; please include the leading slash in all your request matcher patterns. In future versions of Spring Security, leaving out the leading slash will result in an exception.
[2026-07-08 10:00:10.027] [INFO ] [restartedMain] org.springframework.boot.devtools.autoconfigure.OptionalLiveReloadServer LiveReload server is running on port 35729
[2026-07-08 10:00:10.065] [INFO ] [restartedMain] org.apache.coyote.http11.Http11NioProtocol Starting ProtocolHandler ["http-nio-80"]
[2026-07-08 10:00:10.077] [INFO ] [restartedMain] org.springframework.boot.web.embedded.tomcat.TomcatWebServer Tomcat started on port 80 (http) with context path '/'
[2026-07-08 10:00:10.089] [INFO ] [restartedMain] com.webjjang.api.WebjjangBackApplication Started WebjjangBackApplication in 3.512 seconds (process running for 4.142)
[2026-07-08 10:00:10.094] [WARN ] [restartedMain] org.springdoc.core.events.SpringDocAppInitializer SpringDoc /v3/api-docs endpoint is enabled by default. To disable it in production, set the property 'springdoc.api-docs.enabled=false'
[2026-07-08 10:00:10.094] [WARN ] [restartedMain] org.springdoc.core.events.SpringDocAppInitializer SpringDoc /swagger-ui.html endpoint is enabled by default. To disable it in production, set the property 'springdoc.swagger-ui.enabled=false'
[2026-07-08 10:00:10.670] [INFO ] [RMI TCP Connection(2)-10.15.21.178] org.apache.catalina.core.ContainerBase.[Tomcat].[localhost].[/] Initializing Spring DispatcherServlet 'dispatcherServlet'
[2026-07-08 10:00:10.671] [INFO ] [RMI TCP Connection(2)-10.15.21.178] org.springframework.web.servlet.DispatcherServlet Initializing Servlet 'dispatcherServlet'
[2026-07-08 10:00:10.673] [INFO ] [RMI TCP Connection(2)-10.15.21.178] org.springframework.web.servlet.DispatcherServlet Completed initialization in 2 ms
[2026-07-08 10:04:33.237] [INFO ] [File Watcher] org.springframework.boot.devtools.autoconfigure.LocalDevToolsAutoConfiguration$RestartingClassPathChangeChangedEventListener Restarting due to 49 class path changes (0 additions, 48 deletions, 1 modification)
[2026-07-08 10:04:33.240] [INFO ] [Thread-5] org.springframework.boot.web.embedded.tomcat.GracefulShutdown Commencing graceful shutdown. Waiting for active requests to complete
[2026-07-08 10:04:33.241] [INFO ] [tomcat-shutdown] org.apache.coyote.http11.Http11NioProtocol Pausing ProtocolHandler ["http-nio-80"]
[2026-07-08 10:04:33.293] [INFO ] [tomcat-shutdown] org.springframework.boot.web.embedded.tomcat.GracefulShutdown Graceful shutdown complete
[2026-07-08 10:04:33.294] [INFO ] [Thread-5] org.apache.coyote.http11.Http11NioProtocol Stopping ProtocolHandler ["http-nio-80"]
[2026-07-08 10:04:33.299] [INFO ] [Thread-5] org.springframework.orm.jpa.LocalContainerEntityManagerFactoryBean Closing JPA EntityManagerFactory for persistence unit 'default'
[2026-07-08 10:04:33.302] [INFO ] [Thread-5] com.zaxxer.hikari.HikariDataSource HikariPool-1 - Shutdown initiated...
[2026-07-08 10:04:33.305] [INFO ] [Thread-5] com.zaxxer.hikari.HikariDataSource HikariPool-1 - Shutdown completed.
[2026-07-08 10:04:33.379] [INFO ] [restartedMain] com.webjjang.api.WebjjangBackApplication Starting WebjjangBackApplication using Java 17.0.12 with PID 6472 (D:\leeyh\workspace\springboot-react-project\202512springboot_react_project\webjjang_back\target\classes started by User in D:\leeyh\workspace\springboot-react-project\202512springboot_react_project\webjjang_back)
[2026-07-08 10:04:33.379] [INFO ] [restartedMain] com.webjjang.api.WebjjangBackApplication No active profile set, falling back to 1 default profile: "default"
[2026-07-08 10:04:33.545] [INFO ] [restartedMain] org.springframework.data.repository.config.RepositoryConfigurationDelegate Bootstrapping Spring Data JPA repositories in DEFAULT mode.
[2026-07-08 10:04:33.546] [INFO ] [restartedMain] org.springframework.data.repository.config.RepositoryConfigurationDelegate Finished Spring Data repository scanning in 0 ms. Found 0 JPA repository interfaces.
[2026-07-08 10:04:33.604] [INFO ] [restartedMain] org.springframework.boot.web.embedded.tomcat.TomcatWebServer Tomcat initialized with port 80 (http)
[2026-07-08 10:04:33.605] [INFO ] [restartedMain] org.apache.coyote.http11.Http11NioProtocol Initializing ProtocolHandler ["http-nio-80"]
[2026-07-08 10:04:33.605] [INFO ] [restartedMain] org.apache.catalina.core.StandardService Starting service [Tomcat]
[2026-07-08 10:04:33.605] [INFO ] [restartedMain] org.apache.catalina.core.StandardEngine Starting Servlet engine: [Apache Tomcat/10.1.55]
[2026-07-08 10:04:33.628] [INFO ] [restartedMain] org.apache.catalina.core.ContainerBase.[Tomcat].[localhost].[/] Initializing Spring embedded WebApplicationContext
[2026-07-08 10:04:33.628] [INFO ] [restartedMain] org.springframework.boot.web.servlet.context.ServletWebServerApplicationContext Root WebApplicationContext: initialization completed in 248 ms
[2026-07-08 10:04:33.660] [INFO ] [restartedMain] org.hibernate.jpa.internal.util.LogHelper HHH000204: Processing PersistenceUnitInfo [name: default]
[2026-07-08 10:04:33.662] [INFO ] [restartedMain] org.hibernate.cache.internal.RegionFactoryInitiator HHH000026: Second-level cache disabled
[2026-07-08 10:04:33.668] [INFO ] [restartedMain] org.springframework.orm.jpa.persistenceunit.SpringPersistenceUnitInfo No LoadTimeWeaver setup: ignoring JPA class transformer
[2026-07-08 10:04:33.669] [INFO ] [restartedMain] com.zaxxer.hikari.HikariDataSource HikariPool-2 - Starting...
[2026-07-08 10:04:33.672] [INFO ] [restartedMain] com.zaxxer.hikari.pool.HikariPool HikariPool-2 - Added connection org.mariadb.jdbc.Connection@403b7de6
[2026-07-08 10:04:33.672] [INFO ] [restartedMain] com.zaxxer.hikari.HikariDataSource HikariPool-2 - Start completed.
[2026-07-08 10:04:33.673] [INFO ] [restartedMain] org.hibernate.orm.connections.pooling HHH10001005: Database info:
	Database JDBC URL [Connecting through datasource 'HikariDataSource (HikariPool-2)']
	Database driver: undefined/unknown
	Database version: 10.6.27
	Autocommit mode: undefined/unknown
	Isolation level: undefined/unknown
	Minimum pool size: undefined/unknown
	Maximum pool size: undefined/unknown
[2026-07-08 10:04:33.688] [INFO ] [restartedMain] org.hibernate.engine.transaction.jta.platform.internal.JtaPlatformInitiator HHH000489: No JTA platform available (set 'hibernate.transaction.jta.platform' to enable JTA platform integration)
[2026-07-08 10:04:33.689] [INFO ] [restartedMain] org.springframework.orm.jpa.LocalContainerEntityManagerFactoryBean Initialized JPA EntityManagerFactory for persistence unit 'default'
[2026-07-08 10:04:33.708] [WARN ] [restartedMain] org.springframework.boot.autoconfigure.orm.jpa.JpaBaseConfiguration$JpaWebConfiguration spring.jpa.open-in-view is enabled by default. Therefore, database queries may be performed during view rendering. Explicitly configure spring.jpa.open-in-view to disable this warning
[2026-07-08 10:04:33.824] [WARN ] [restartedMain] org.springframework.boot.autoconfigure.security.servlet.UserDetailsServiceAutoConfiguration 

Using generated security password: 23e89e72-6ce1-43e3-b4ab-c818615f3069

This generated password is for development use only. Your security configuration must be updated before running your application in production.

[2026-07-08 10:04:33.825] [INFO ] [restartedMain] org.springframework.security.config.annotation.authentication.configuration.InitializeUserDetailsBeanManagerConfigurer$InitializeUserDetailsManagerConfigurer Global AuthenticationManager configured with UserDetailsService bean with name inMemoryUserDetailsManager
[2026-07-08 10:04:33.854] [INFO ] [restartedMain] org.springframework.boot.actuate.endpoint.web.EndpointLinksResolver Exposing 1 endpoint beneath base path '/actuator'
[2026-07-08 10:04:33.884] [INFO ] [restartedMain] org.springframework.boot.devtools.autoconfigure.OptionalLiveReloadServer LiveReload server is running on port 35729
[2026-07-08 10:04:33.894] [INFO ] [restartedMain] org.apache.coyote.http11.Http11NioProtocol Starting ProtocolHandler ["http-nio-80"]
[2026-07-08 10:04:33.900] [INFO ] [restartedMain] org.springframework.boot.web.embedded.tomcat.TomcatWebServer Tomcat started on port 80 (http) with context path '/'
[2026-07-08 10:04:33.907] [INFO ] [restartedMain] com.webjjang.api.WebjjangBackApplication Started WebjjangBackApplication in 0.551 seconds (process running for 267.96)
[2026-07-08 10:04:33.908] [WARN ] [restartedMain] org.springdoc.core.events.SpringDocAppInitializer SpringDoc /v3/api-docs endpoint is enabled by default. To disable it in production, set the property 'springdoc.api-docs.enabled=false'
[2026-07-08 10:04:33.908] [WARN ] [restartedMain] org.springdoc.core.events.SpringDocAppInitializer SpringDoc /swagger-ui.html endpoint is enabled by default. To disable it in production, set the property 'springdoc.swagger-ui.enabled=false'
[2026-07-08 10:04:33.911] [INFO ] [restartedMain] org.springframework.boot.devtools.autoconfigure.ConditionEvaluationDeltaLoggingListener Condition evaluation delta:


==========================
CONDITION EVALUATION DELTA
==========================


Positive matches:
-----------------

   ManagementWebSecurityAutoConfiguration matched:
      - found 'session' scope (OnWebApplicationCondition)
      - AllNestedConditions 2 matched 0 did not; NestedCondition on DefaultWebSecurityCondition.Beans @ConditionalOnMissingBean (types: org.springframework.security.web.SecurityFilterChain; SearchStrategy: all) did not find any beans; NestedCondition on DefaultWebSecurityCondition.Classes @ConditionalOnClass found required classes 'org.springframework.security.web.SecurityFilterChain', 'org.springframework.security.config.annotation.web.builders.HttpSecurity' (DefaultWebSecurityCondition)


Negative matches:
-----------------

    None


Exclusions:
-----------

    None


Unconditional classes:
----------------------

    None



[2026-07-08 10:04:35.714] [INFO ] [File Watcher] org.springframework.boot.devtools.autoconfigure.LocalDevToolsAutoConfiguration$RestartingClassPathChangeChangedEventListener Restarting due to 48 class path changes (48 additions, 0 deletions, 0 modifications)
[2026-07-08 10:04:35.715] [INFO ] [Thread-7] org.springframework.boot.web.embedded.tomcat.GracefulShutdown Commencing graceful shutdown. Waiting for active requests to complete
[2026-07-08 10:04:35.715] [INFO ] [tomcat-shutdown] org.apache.coyote.http11.Http11NioProtocol Pausing ProtocolHandler ["http-nio-80"]
[2026-07-08 10:04:35.758] [INFO ] [tomcat-shutdown] org.springframework.boot.web.embedded.tomcat.GracefulShutdown Graceful shutdown complete
[2026-07-08 10:04:35.759] [INFO ] [Thread-7] org.apache.coyote.http11.Http11NioProtocol Stopping ProtocolHandler ["http-nio-80"]
[2026-07-08 10:04:35.760] [INFO ] [Thread-7] org.springframework.orm.jpa.LocalContainerEntityManagerFactoryBean Closing JPA EntityManagerFactory for persistence unit 'default'
[2026-07-08 10:04:35.761] [INFO ] [Thread-7] com.zaxxer.hikari.HikariDataSource HikariPool-2 - Shutdown initiated...
[2026-07-08 10:04:35.762] [INFO ] [Thread-7] com.zaxxer.hikari.HikariDataSource HikariPool-2 - Shutdown completed.
[2026-07-08 10:04:35.813] [INFO ] [restartedMain] com.webjjang.api.WebjjangBackApplication Starting WebjjangBackApplication using Java 17.0.12 with PID 6472 (D:\leeyh\workspace\springboot-react-project\202512springboot_react_project\webjjang_back\target\classes started by User in D:\leeyh\workspace\springboot-react-project\202512springboot_react_project\webjjang_back)
[2026-07-08 10:04:35.813] [INFO ] [restartedMain] com.webjjang.api.WebjjangBackApplication No active profile set, falling back to 1 default profile: "default"
[2026-07-08 10:04:36.063] [INFO ] [restartedMain] org.springframework.data.repository.config.RepositoryConfigurationDelegate Bootstrapping Spring Data JPA repositories in DEFAULT mode.
[2026-07-08 10:04:36.085] [INFO ] [restartedMain] org.springframework.data.repository.config.RepositoryConfigurationDelegate Finished Spring Data repository scanning in 21 ms. Found 3 JPA repository interfaces.
[2026-07-08 10:04:36.160] [INFO ] [restartedMain] org.springframework.boot.web.embedded.tomcat.TomcatWebServer Tomcat initialized with port 80 (http)
[2026-07-08 10:04:36.160] [INFO ] [restartedMain] org.apache.coyote.http11.Http11NioProtocol Initializing ProtocolHandler ["http-nio-80"]
[2026-07-08 10:04:36.160] [INFO ] [restartedMain] org.apache.catalina.core.StandardService Starting service [Tomcat]
[2026-07-08 10:04:36.160] [INFO ] [restartedMain] org.apache.catalina.core.StandardEngine Starting Servlet engine: [Apache Tomcat/10.1.55]
[2026-07-08 10:04:36.183] [INFO ] [restartedMain] org.apache.catalina.core.ContainerBase.[Tomcat].[localhost].[/] Initializing Spring embedded WebApplicationContext
[2026-07-08 10:04:36.184] [INFO ] [restartedMain] org.springframework.boot.web.servlet.context.ServletWebServerApplicationContext Root WebApplicationContext: initialization completed in 370 ms
[2026-07-08 10:04:36.224] [INFO ] [restartedMain] org.hibernate.jpa.internal.util.LogHelper HHH000204: Processing PersistenceUnitInfo [name: default]
[2026-07-08 10:04:36.225] [INFO ] [restartedMain] org.hibernate.cache.internal.RegionFactoryInitiator HHH000026: Second-level cache disabled
[2026-07-08 10:04:36.230] [INFO ] [restartedMain] org.springframework.orm.jpa.persistenceunit.SpringPersistenceUnitInfo No LoadTimeWeaver setup: ignoring JPA class transformer
[2026-07-08 10:04:36.231] [INFO ] [restartedMain] com.zaxxer.hikari.HikariDataSource HikariPool-3 - Starting...
[2026-07-08 10:04:36.233] [INFO ] [restartedMain] com.zaxxer.hikari.pool.HikariPool HikariPool-3 - Added connection org.mariadb.jdbc.Connection@3d32e41b
[2026-07-08 10:04:36.233] [INFO ] [restartedMain] com.zaxxer.hikari.HikariDataSource HikariPool-3 - Start completed.
[2026-07-08 10:04:36.234] [INFO ] [restartedMain] org.hibernate.orm.connections.pooling HHH10001005: Database info:
	Database JDBC URL [Connecting through datasource 'HikariDataSource (HikariPool-3)']
	Database driver: undefined/unknown
	Database version: 10.6.27
	Autocommit mode: undefined/unknown
	Isolation level: undefined/unknown
	Minimum pool size: undefined/unknown
	Maximum pool size: undefined/unknown
[2026-07-08 10:04:36.285] [INFO ] [restartedMain] org.hibernate.engine.transaction.jta.platform.internal.JtaPlatformInitiator HHH000489: No JTA platform available (set 'hibernate.transaction.jta.platform' to enable JTA platform integration)
[2026-07-08 10:04:36.476] [INFO ] [restartedMain] org.springframework.orm.jpa.LocalContainerEntityManagerFactoryBean Initialized JPA EntityManagerFactory for persistence unit 'default'
[2026-07-08 10:04:36.521] [INFO ] [restartedMain] com.webjjang.api.config.security.JwtTokenProvider [init] JwtTokenProvider ļé┤ secretKey ņØ┤ņÜ® key ņ┤łĻĖ░ĒÖö ņŗ£ņ×æ
[2026-07-08 10:04:36.522] [INFO ] [restartedMain] com.webjjang.api.config.security.JwtTokenProvider [init] JwtTokenProvider ļé┤ secretKey ņØ┤ņÜ® key ņ┤łĻĖ░ĒÖö ņ┤łĻĖ░ĒÖö ņÖäļŻī
[2026-07-08 10:04:36.546] [WARN ] [restartedMain] org.springframework.boot.autoconfigure.orm.jpa.JpaBaseConfiguration$JpaWebConfiguration spring.jpa.open-in-view is enabled by default. Therefore, database queries may be performed during view rendering. Explicitly configure spring.jpa.open-in-view to disable this warning
[2026-07-08 10:04:36.553] [WARN ] [restartedMain] org.springframework.boot.autoconfigure.security.servlet.UserDetailsServiceAutoConfiguration 

Using generated security password: 029bbf15-02bf-473b-ac1f-3bc43aeb6fc9

This generated password is for development use only. Your security configuration must be updated before running your application in production.

[2026-07-08 10:04:36.553] [INFO ] [restartedMain] org.springframework.security.config.annotation.authentication.configuration.InitializeUserDetailsBeanManagerConfigurer$InitializeUserDetailsManagerConfigurer Global AuthenticationManager configured with UserDetailsService bean with name inMemoryUserDetailsManager
[2026-07-08 10:04:36.619] [INFO ] [restartedMain] org.springframework.boot.actuate.endpoint.web.EndpointLinksResolver Exposing 1 endpoint beneath base path '/actuator'
[2026-07-08 10:04:36.632] [WARN ] [restartedMain] org.springframework.security.config.annotation.web.configurers.AuthorizeHttpRequestsConfigurer$AuthorizationManagerRequestMatcherRegistry One of the patterns in [**exception**] is missing a leading slash. This is discouraged; please include the leading slash in all your request matcher patterns. In future versions of Spring Security, leaving out the leading slash will result in an exception.
[2026-07-08 10:04:36.689] [INFO ] [restartedMain] org.springframework.boot.devtools.autoconfigure.OptionalLiveReloadServer LiveReload server is running on port 35729
[2026-07-08 10:04:36.698] [INFO ] [restartedMain] org.apache.coyote.http11.Http11NioProtocol Starting ProtocolHandler ["http-nio-80"]
[2026-07-08 10:04:36.701] [INFO ] [restartedMain] org.springframework.boot.web.embedded.tomcat.TomcatWebServer Tomcat started on port 80 (http) with context path '/'
[2026-07-08 10:04:36.708] [INFO ] [restartedMain] com.webjjang.api.WebjjangBackApplication Started WebjjangBackApplication in 0.914 seconds (process running for 270.76)
[2026-07-08 10:04:36.709] [WARN ] [restartedMain] org.springdoc.core.events.SpringDocAppInitializer SpringDoc /v3/api-docs endpoint is enabled by default. To disable it in production, set the property 'springdoc.api-docs.enabled=false'
[2026-07-08 10:04:36.709] [WARN ] [restartedMain] org.springdoc.core.events.SpringDocAppInitializer SpringDoc /swagger-ui.html endpoint is enabled by default. To disable it in production, set the property 'springdoc.swagger-ui.enabled=false'
[2026-07-08 10:04:36.709] [INFO ] [restartedMain] org.springframework.boot.devtools.autoconfigure.ConditionEvaluationDeltaLoggingListener Condition evaluation delta:


==========================
CONDITION EVALUATION DELTA
==========================


Positive matches:
-----------------

    None


Negative matches:
-----------------

   ManagementWebSecurityAutoConfiguration:
      Did not match:
         - AllNestedConditions 1 matched 1 did not; NestedCondition on DefaultWebSecurityCondition.Beans @ConditionalOnMissingBean (types: org.springframework.security.web.SecurityFilterChain; SearchStrategy: all) found beans of type 'org.springframework.security.web.SecurityFilterChain' filterChain; NestedCondition on DefaultWebSecurityCondition.Classes @ConditionalOnClass found required classes 'org.springframework.security.web.SecurityFilterChain', 'org.springframework.security.config.annotation.web.builders.HttpSecurity' (DefaultWebSecurityCondition)
      Matched:
         - found 'session' scope (OnWebApplicationCondition)


Exclusions:
-----------

    None


Unconditional classes:
----------------------

    None



[2026-07-08 10:04:41.302] [INFO ] [SpringApplicationShutdownHook] org.springframework.boot.web.embedded.tomcat.GracefulShutdown Commencing graceful shutdown. Waiting for active requests to complete
[2026-07-08 10:04:41.345] [INFO ] [tomcat-shutdown] org.springframework.boot.web.embedded.tomcat.GracefulShutdown Graceful shutdown complete
[2026-07-08 10:04:41.347] [INFO ] [SpringApplicationShutdownHook] org.springframework.orm.jpa.LocalContainerEntityManagerFactoryBean Closing JPA EntityManagerFactory for persistence unit 'default'
[2026-07-08 10:04:41.348] [INFO ] [SpringApplicationShutdownHook] com.zaxxer.hikari.HikariDataSource HikariPool-3 - Shutdown initiated...
[2026-07-08 10:04:41.349] [INFO ] [SpringApplicationShutdownHook] com.zaxxer.hikari.HikariDataSource HikariPool-3 - Shutdown completed.
[2026-07-08 10:04:42.654] [INFO ] [background-preinit] org.hibernate.validator.internal.util.Version HV000001: Hibernate Validator 8.0.3.Final
[2026-07-08 10:04:42.690] [INFO ] [restartedMain] com.webjjang.api.WebjjangBackApplication Starting WebjjangBackApplication using Java 17.0.12 with PID 11140 (D:\leeyh\workspace\springboot-react-project\202512springboot_react_project\webjjang_back\target\classes started by User in D:\leeyh\workspace\springboot-react-project\202512springboot_react_project\webjjang_back)
[2026-07-08 10:04:42.691] [INFO ] [restartedMain] com.webjjang.api.WebjjangBackApplication No active profile set, falling back to 1 default profile: "default"
[2026-07-08 10:04:42.720] [INFO ] [restartedMain] org.springframework.boot.devtools.env.DevToolsPropertyDefaultsPostProcessor Devtools property defaults active! Set 'spring.devtools.add-properties' to 'false' to disable
[2026-07-08 10:04:42.720] [INFO ] [restartedMain] org.springframework.boot.devtools.env.DevToolsPropertyDefaultsPostProcessor For additional web related logging consider setting the 'logging.level.web' property to 'DEBUG'
[2026-07-08 10:04:43.355] [INFO ] [restartedMain] org.springframework.data.repository.config.RepositoryConfigurationDelegate Bootstrapping Spring Data JPA repositories in DEFAULT mode.
[2026-07-08 10:04:43.393] [INFO ] [restartedMain] org.springframework.data.repository.config.RepositoryConfigurationDelegate Finished Spring Data repository scanning in 32 ms. Found 3 JPA repository interfaces.
[2026-07-08 10:04:43.775] [INFO ] [restartedMain] org.springframework.boot.web.embedded.tomcat.TomcatWebServer Tomcat initialized with port 80 (http)
[2026-07-08 10:04:43.782] [INFO ] [restartedMain] org.apache.coyote.http11.Http11NioProtocol Initializing ProtocolHandler ["http-nio-80"]
[2026-07-08 10:04:43.782] [INFO ] [restartedMain] org.apache.catalina.core.StandardService Starting service [Tomcat]
[2026-07-08 10:04:43.783] [INFO ] [restartedMain] org.apache.catalina.core.StandardEngine Starting Servlet engine: [Apache Tomcat/10.1.55]
[2026-07-08 10:04:43.819] [INFO ] [restartedMain] org.apache.catalina.core.ContainerBase.[Tomcat].[localhost].[/] Initializing Spring embedded WebApplicationContext
[2026-07-08 10:04:43.819] [INFO ] [restartedMain] org.springframework.boot.web.servlet.context.ServletWebServerApplicationContext Root WebApplicationContext: initialization completed in 1099 ms
[2026-07-08 10:04:43.944] [INFO ] [restartedMain] org.hibernate.jpa.internal.util.LogHelper HHH000204: Processing PersistenceUnitInfo [name: default]
[2026-07-08 10:04:43.967] [INFO ] [restartedMain] org.hibernate.Version HHH000412: Hibernate ORM core version 6.6.53.Final
[2026-07-08 10:04:43.988] [INFO ] [restartedMain] org.hibernate.cache.internal.RegionFactoryInitiator HHH000026: Second-level cache disabled
[2026-07-08 10:04:44.140] [INFO ] [restartedMain] org.springframework.orm.jpa.persistenceunit.SpringPersistenceUnitInfo No LoadTimeWeaver setup: ignoring JPA class transformer
[2026-07-08 10:04:44.156] [INFO ] [restartedMain] com.zaxxer.hikari.HikariDataSource HikariPool-1 - Starting...
[2026-07-08 10:04:44.202] [INFO ] [restartedMain] com.zaxxer.hikari.pool.HikariPool HikariPool-1 - Added connection org.mariadb.jdbc.Connection@420c2ae8
[2026-07-08 10:04:44.203] [INFO ] [restartedMain] com.zaxxer.hikari.HikariDataSource HikariPool-1 - Start completed.
[2026-07-08 10:04:44.238] [INFO ] [restartedMain] org.hibernate.orm.connections.pooling HHH10001005: Database info:
	Database JDBC URL [Connecting through datasource 'HikariDataSource (HikariPool-1)']
	Database driver: undefined/unknown
	Database version: 10.6.27
	Autocommit mode: undefined/unknown
	Isolation level: undefined/unknown
	Minimum pool size: undefined/unknown
	Maximum pool size: undefined/unknown
[2026-07-08 10:04:44.725] [INFO ] [restartedMain] org.hibernate.engine.transaction.jta.platform.internal.JtaPlatformInitiator HHH000489: No JTA platform available (set 'hibernate.transaction.jta.platform' to enable JTA platform integration)
[2026-07-08 10:04:44.936] [INFO ] [restartedMain] org.springframework.orm.jpa.LocalContainerEntityManagerFactoryBean Initialized JPA EntityManagerFactory for persistence unit 'default'
[2026-07-08 10:04:45.171] [INFO ] [restartedMain] com.webjjang.api.config.security.JwtTokenProvider [init] JwtTokenProvider ļé┤ secretKey ņØ┤ņÜ® key ņ┤łĻĖ░ĒÖö ņŗ£ņ×æ
[2026-07-08 10:04:45.173] [INFO ] [restartedMain] com.webjjang.api.config.security.JwtTokenProvider [init] JwtTokenProvider ļé┤ secretKey ņØ┤ņÜ® key ņ┤łĻĖ░ĒÖö ņ┤łĻĖ░ĒÖö ņÖäļŻī
[2026-07-08 10:04:45.241] [WARN ] [restartedMain] org.springframework.boot.autoconfigure.orm.jpa.JpaBaseConfiguration$JpaWebConfiguration spring.jpa.open-in-view is enabled by default. Therefore, database queries may be performed during view rendering. Explicitly configure spring.jpa.open-in-view to disable this warning
[2026-07-08 10:04:45.258] [WARN ] [restartedMain] org.springframework.boot.autoconfigure.security.servlet.UserDetailsServiceAutoConfiguration 

Using generated security password: d565ad08-fe7e-4f60-82d1-f7ca61febd21

This generated password is for development use only. Your security configuration must be updated before running your application in production.

[2026-07-08 10:04:45.262] [INFO ] [restartedMain] org.springframework.security.config.annotation.authentication.configuration.InitializeUserDetailsBeanManagerConfigurer$InitializeUserDetailsManagerConfigurer Global AuthenticationManager configured with UserDetailsService bean with name inMemoryUserDetailsManager
[2026-07-08 10:04:45.457] [INFO ] [restartedMain] org.springframework.boot.actuate.endpoint.web.EndpointLinksResolver Exposing 1 endpoint beneath base path '/actuator'
[2026-07-08 10:04:45.476] [WARN ] [restartedMain] org.springframework.security.config.annotation.web.configurers.AuthorizeHttpRequestsConfigurer$AuthorizationManagerRequestMatcherRegistry One of the patterns in [**exception**] is missing a leading slash. This is discouraged; please include the leading slash in all your request matcher patterns. In future versions of Spring Security, leaving out the leading slash will result in an exception.
[2026-07-08 10:04:45.695] [INFO ] [restartedMain] org.springframework.boot.devtools.autoconfigure.OptionalLiveReloadServer LiveReload server is running on port 35729
[2026-07-08 10:04:45.730] [INFO ] [restartedMain] org.apache.coyote.http11.Http11NioProtocol Starting ProtocolHandler ["http-nio-80"]
[2026-07-08 10:04:45.744] [INFO ] [restartedMain] org.springframework.boot.web.embedded.tomcat.TomcatWebServer Tomcat started on port 80 (http) with context path '/'
[2026-07-08 10:04:45.756] [INFO ] [restartedMain] com.webjjang.api.WebjjangBackApplication Started WebjjangBackApplication in 3.373 seconds (process running for 3.856)
[2026-07-08 10:04:45.760] [WARN ] [restartedMain] org.springdoc.core.events.SpringDocAppInitializer SpringDoc /v3/api-docs endpoint is enabled by default. To disable it in production, set the property 'springdoc.api-docs.enabled=false'
[2026-07-08 10:04:45.760] [WARN ] [restartedMain] org.springdoc.core.events.SpringDocAppInitializer SpringDoc /swagger-ui.html endpoint is enabled by default. To disable it in production, set the property 'springdoc.swagger-ui.enabled=false'
[2026-07-08 10:04:46.081] [INFO ] [RMI TCP Connection(4)-10.15.21.178] org.apache.catalina.core.ContainerBase.[Tomcat].[localhost].[/] Initializing Spring DispatcherServlet 'dispatcherServlet'
[2026-07-08 10:04:46.081] [INFO ] [RMI TCP Connection(4)-10.15.21.178] org.springframework.web.servlet.DispatcherServlet Initializing Servlet 'dispatcherServlet'
[2026-07-08 10:04:46.082] [INFO ] [RMI TCP Connection(4)-10.15.21.178] org.springframework.web.servlet.DispatcherServlet Completed initialization in 1 ms
[2026-07-08 10:06:15.484] [INFO ] [http-nio-80-exec-1] com.webjjang.api.config.security.JwtTokenProvider [resolveToken] Http ĒŚżļŹöņŚÉņä£ Token Ļ░ÆņØä ņČöņČ£
[2026-07-08 10:06:15.487] [INFO ] [http-nio-80-exec-1] com.webjjang.api.config.security.JwtAuthenticationFilter [doFilterInternal] token Ļ░Æ ņČöņČ£ ņÖäļŻī. token : null
[2026-07-08 10:06:15.487] [INFO ] [http-nio-80-exec-1] com.webjjang.api.config.security.JwtAuthenticationFilter [doFilterInternal] token Ļ░Æ ņ£ĀĒÜ©ņä▒ ņ▓┤Ēü¼ ņŗ£ņ×æ
[2026-07-08 10:06:15.487] [INFO ] [http-nio-80-exec-1] com.webjjang.api.config.security.JwtAuthenticationFilter [doFilterInternal] token Ļ░Æ ņ£ĀĒÜ©ņä▒ ņ▓┤Ēü¼ ņÖäļŻī
[2026-07-08 10:06:15.533] [INFO ] [http-nio-80-exec-2] com.webjjang.api.config.security.JwtTokenProvider [resolveToken] Http ĒŚżļŹöņŚÉņä£ Token Ļ░ÆņØä ņČöņČ£
[2026-07-08 10:06:15.534] [INFO ] [http-nio-80-exec-3] com.webjjang.api.config.security.JwtTokenProvider [resolveToken] Http ĒŚżļŹöņŚÉņä£ Token Ļ░ÆņØä ņČöņČ£
[2026-07-08 10:06:15.534] [INFO ] [http-nio-80-exec-2] com.webjjang.api.config.security.JwtAuthenticationFilter [doFilterInternal] token Ļ░Æ ņČöņČ£ ņÖäļŻī. token : null
[2026-07-08 10:06:15.534] [INFO ] [http-nio-80-exec-2] com.webjjang.api.config.security.JwtAuthenticationFilter [doFilterInternal] token Ļ░Æ ņ£ĀĒÜ©ņä▒ ņ▓┤Ēü¼ ņŗ£ņ×æ
[2026-07-08 10:06:15.534] [INFO ] [http-nio-80-exec-3] com.webjjang.api.config.security.JwtAuthenticationFilter [doFilterInternal] token Ļ░Æ ņČöņČ£ ņÖäļŻī. token : null
[2026-07-08 10:06:15.534] [INFO ] [http-nio-80-exec-2] com.webjjang.api.config.security.JwtAuthenticationFilter [doFilterInternal] token Ļ░Æ ņ£ĀĒÜ©ņä▒ ņ▓┤Ēü¼ ņÖäļŻī
[2026-07-08 10:06:15.534] [INFO ] [http-nio-80-exec-4] com.webjjang.api.config.security.JwtTokenProvider [resolveToken] Http ĒŚżļŹöņŚÉņä£ Token Ļ░ÆņØä ņČöņČ£
[2026-07-08 10:06:15.534] [INFO ] [http-nio-80-exec-3] com.webjjang.api.config.security.JwtAuthenticationFilter [doFilterInternal] token Ļ░Æ ņ£ĀĒÜ©ņä▒ ņ▓┤Ēü¼ ņŗ£ņ×æ
[2026-07-08 10:06:15.534] [INFO ] [http-nio-80-exec-4] com.webjjang.api.config.security.JwtAuthenticationFilter [doFilterInternal] token Ļ░Æ ņČöņČ£ ņÖäļŻī. token : null
[2026-07-08 10:06:15.534] [INFO ] [http-nio-80-exec-3] com.webjjang.api.config.security.JwtAuthenticationFilter [doFilterInternal] token Ļ░Æ ņ£ĀĒÜ©ņä▒ ņ▓┤Ēü¼ ņÖäļŻī
[2026-07-08 10:06:15.534] [INFO ] [http-nio-80-exec-4] com.webjjang.api.config.security.JwtAuthenticationFilter [doFilterInternal] token Ļ░Æ ņ£ĀĒÜ©ņä▒ ņ▓┤Ēü¼ ņŗ£ņ×æ
[2026-07-08 10:06:15.534] [INFO ] [http-nio-80-exec-6] com.webjjang.api.config.security.JwtTokenProvider [resolveToken] Http ĒŚżļŹöņŚÉņä£ Token Ļ░ÆņØä ņČöņČ£
[2026-07-08 10:06:15.534] [INFO ] [http-nio-80-exec-4] com.webjjang.api.config.security.JwtAuthenticationFilter [doFilterInternal] token Ļ░Æ ņ£ĀĒÜ©ņä▒ ņ▓┤Ēü¼ ņÖäļŻī
[2026-07-08 10:06:15.534] [INFO ] [http-nio-80-exec-6] com.webjjang.api.config.security.JwtAuthenticationFilter [doFilterInternal] token Ļ░Æ ņČöņČ£ ņÖäļŻī. token : null
[2026-07-08 10:06:15.534] [INFO ] [http-nio-80-exec-5] com.webjjang.api.config.security.JwtTokenProvider [resolveToken] Http ĒŚżļŹöņŚÉņä£ Token Ļ░ÆņØä ņČöņČ£
[2026-07-08 10:06:15.534] [INFO ] [http-nio-80-exec-6] com.webjjang.api.config.security.JwtAuthenticationFilter [doFilterInternal] token Ļ░Æ ņ£ĀĒÜ©ņä▒ ņ▓┤Ēü¼ ņŗ£ņ×æ
[2026-07-08 10:06:15.536] [INFO ] [http-nio-80-exec-6] com.webjjang.api.config.security.JwtAuthenticationFilter [doFilterInternal] token Ļ░Æ ņ£ĀĒÜ©ņä▒ ņ▓┤Ēü¼ ņÖäļŻī
[2026-07-08 10:06:15.536] [INFO ] [http-nio-80-exec-5] com.webjjang.api.config.security.JwtAuthenticationFilter [doFilterInternal] token Ļ░Æ ņČöņČ£ ņÖäļŻī. token : null
[2026-07-08 10:06:15.536] [INFO ] [http-nio-80-exec-5] com.webjjang.api.config.security.JwtAuthenticationFilter [doFilterInternal] token Ļ░Æ ņ£ĀĒÜ©ņä▒ ņ▓┤Ēü¼ ņŗ£ņ×æ
[2026-07-08 10:06:15.536] [INFO ] [http-nio-80-exec-5] com.webjjang.api.config.security.JwtAuthenticationFilter [doFilterInternal] token Ļ░Æ ņ£ĀĒÜ©ņä▒ ņ▓┤Ēü¼ ņÖäļŻī
[2026-07-08 10:06:15.628] [INFO ] [http-nio-80-exec-7] com.webjjang.api.config.security.JwtTokenProvider [resolveToken] Http ĒŚżļŹöņŚÉņä£ Token Ļ░ÆņØä ņČöņČ£
[2026-07-08 10:06:15.628] [INFO ] [http-nio-80-exec-7] com.webjjang.api.config.security.JwtAuthenticationFilter [doFilterInternal] token Ļ░Æ ņČöņČ£ ņÖäļŻī. token : null
[2026-07-08 10:06:15.628] [INFO ] [http-nio-80-exec-7] com.webjjang.api.config.security.JwtAuthenticationFilter [doFilterInternal] token Ļ░Æ ņ£ĀĒÜ©ņä▒ ņ▓┤Ēü¼ ņŗ£ņ×æ
[2026-07-08 10:06:15.628] [INFO ] [http-nio-80-exec-7] com.webjjang.api.config.security.JwtAuthenticationFilter [doFilterInternal] token Ļ░Æ ņ£ĀĒÜ©ņä▒ ņ▓┤Ēü¼ ņÖäļŻī
[2026-07-08 10:06:15.675] [INFO ] [http-nio-80-exec-8] com.webjjang.api.config.security.JwtTokenProvider [resolveToken] Http ĒŚżļŹöņŚÉņä£ Token Ļ░ÆņØä ņČöņČ£
[2026-07-08 10:06:15.676] [INFO ] [http-nio-80-exec-8] com.webjjang.api.config.security.JwtAuthenticationFilter [doFilterInternal] token Ļ░Æ ņČöņČ£ ņÖäļŻī. token : null
[2026-07-08 10:06:15.676] [INFO ] [http-nio-80-exec-8] com.webjjang.api.config.security.JwtAuthenticationFilter [doFilterInternal] token Ļ░Æ ņ£ĀĒÜ©ņä▒ ņ▓┤Ēü¼ ņŗ£ņ×æ
[2026-07-08 10:06:15.676] [INFO ] [http-nio-80-exec-8] com.webjjang.api.config.security.JwtAuthenticationFilter [doFilterInternal] token Ļ░Æ ņ£ĀĒÜ©ņä▒ ņ▓┤Ēü¼ ņÖäļŻī
[2026-07-08 10:06:15.988] [INFO ] [http-nio-80-exec-8] org.springdoc.api.AbstractOpenApiResource Init duration for springdoc-openapi is: 300 ms
[2026-07-08 10:06:52.203] [INFO ] [http-nio-80-exec-9] com.webjjang.api.config.security.JwtTokenProvider [resolveToken] Http ĒŚżļŹöņŚÉņä£ Token Ļ░ÆņØä ņČöņČ£
[2026-07-08 10:06:52.203] [INFO ] [http-nio-80-exec-9] com.webjjang.api.config.security.JwtAuthenticationFilter [doFilterInternal] token Ļ░Æ ņČöņČ£ ņÖäļŻī. token : null
[2026-07-08 10:06:52.203] [INFO ] [http-nio-80-exec-9] com.webjjang.api.config.security.JwtAuthenticationFilter [doFilterInternal] token Ļ░Æ ņ£ĀĒÜ©ņä▒ ņ▓┤Ēü¼ ņŗ£ņ×æ
[2026-07-08 10:06:52.203] [INFO ] [http-nio-80-exec-9] com.webjjang.api.config.security.JwtAuthenticationFilter [doFilterInternal] token Ļ░Æ ņ£ĀĒÜ©ņä▒ ņ▓┤Ēü¼ ņÖäļŻī
[2026-07-08 10:08:47.429] [INFO ] [File Watcher] org.springframework.boot.devtools.autoconfigure.LocalDevToolsAutoConfiguration$RestartingClassPathChangeChangedEventListener Restarting due to 1 class path change (0 additions, 0 deletions, 1 modification)
[2026-07-08 10:08:47.433] [INFO ] [Thread-5] org.springframework.boot.web.embedded.tomcat.GracefulShutdown Commencing graceful shutdown. Waiting for active requests to complete
[2026-07-08 10:08:47.435] [INFO ] [tomcat-shutdown] org.apache.coyote.http11.Http11NioProtocol Pausing ProtocolHandler ["http-nio-80"]
[2026-07-08 10:08:47.511] [INFO ] [tomcat-shutdown] org.springframework.boot.web.embedded.tomcat.GracefulShutdown Graceful shutdown complete
[2026-07-08 10:08:47.512] [INFO ] [Thread-5] org.apache.coyote.http11.Http11NioProtocol Stopping ProtocolHandler ["http-nio-80"]
[2026-07-08 10:08:47.517] [INFO ] [Thread-5] org.springframework.orm.jpa.LocalContainerEntityManagerFactoryBean Closing JPA EntityManagerFactory for persistence unit 'default'
[2026-07-08 10:08:47.521] [INFO ] [Thread-5] com.zaxxer.hikari.HikariDataSource HikariPool-1 - Shutdown initiated...
[2026-07-08 10:08:47.524] [INFO ] [Thread-5] com.zaxxer.hikari.HikariDataSource HikariPool-1 - Shutdown completed.
[2026-07-08 10:08:47.615] [INFO ] [restartedMain] com.webjjang.api.WebjjangBackApplication Starting WebjjangBackApplication using Java 17.0.12 with PID 11140 (D:\leeyh\workspace\springboot-react-project\202512springboot_react_project\webjjang_back\target\classes started by User in D:\leeyh\workspace\springboot-react-project\202512springboot_react_project\webjjang_back)
[2026-07-08 10:08:47.615] [INFO ] [restartedMain] com.webjjang.api.WebjjangBackApplication No active profile set, falling back to 1 default profile: "default"
[2026-07-08 10:08:47.917] [INFO ] [restartedMain] org.springframework.data.repository.config.RepositoryConfigurationDelegate Bootstrapping Spring Data JPA repositories in DEFAULT mode.
[2026-07-08 10:08:47.943] [INFO ] [restartedMain] org.springframework.data.repository.config.RepositoryConfigurationDelegate Finished Spring Data repository scanning in 23 ms. Found 3 JPA repository interfaces.
[2026-07-08 10:08:48.069] [INFO ] [restartedMain] org.springframework.boot.web.embedded.tomcat.TomcatWebServer Tomcat initialized with port 80 (http)
[2026-07-08 10:08:48.070] [INFO ] [restartedMain] org.apache.coyote.http11.Http11NioProtocol Initializing ProtocolHandler ["http-nio-80"]
[2026-07-08 10:08:48.070] [INFO ] [restartedMain] org.apache.catalina.core.StandardService Starting service [Tomcat]
[2026-07-08 10:08:48.070] [INFO ] [restartedMain] org.apache.catalina.core.StandardEngine Starting Servlet engine: [Apache Tomcat/10.1.55]
[2026-07-08 10:08:48.105] [INFO ] [restartedMain] org.apache.catalina.core.ContainerBase.[Tomcat].[localhost].[/] Initializing Spring embedded WebApplicationContext
[2026-07-08 10:08:48.105] [INFO ] [restartedMain] org.springframework.boot.web.servlet.context.ServletWebServerApplicationContext Root WebApplicationContext: initialization completed in 488 ms
[2026-07-08 10:08:48.151] [INFO ] [restartedMain] org.hibernate.jpa.internal.util.LogHelper HHH000204: Processing PersistenceUnitInfo [name: default]
[2026-07-08 10:08:48.154] [INFO ] [restartedMain] org.hibernate.cache.internal.RegionFactoryInitiator HHH000026: Second-level cache disabled
[2026-07-08 10:08:48.162] [INFO ] [restartedMain] org.springframework.orm.jpa.persistenceunit.SpringPersistenceUnitInfo No LoadTimeWeaver setup: ignoring JPA class transformer
[2026-07-08 10:08:48.162] [INFO ] [restartedMain] com.zaxxer.hikari.HikariDataSource HikariPool-2 - Starting...
[2026-07-08 10:08:48.166] [INFO ] [restartedMain] com.zaxxer.hikari.pool.HikariPool HikariPool-2 - Added connection org.mariadb.jdbc.Connection@7039b31e
[2026-07-08 10:08:48.166] [INFO ] [restartedMain] com.zaxxer.hikari.HikariDataSource HikariPool-2 - Start completed.
[2026-07-08 10:08:48.167] [INFO ] [restartedMain] org.hibernate.orm.connections.pooling HHH10001005: Database info:
	Database JDBC URL [Connecting through datasource 'HikariDataSource (HikariPool-2)']
	Database driver: undefined/unknown
	Database version: 10.6.27
	Autocommit mode: undefined/unknown
	Isolation level: undefined/unknown
	Minimum pool size: undefined/unknown
	Maximum pool size: undefined/unknown
[2026-07-08 10:08:48.247] [INFO ] [restartedMain] org.hibernate.engine.transaction.jta.platform.internal.JtaPlatformInitiator HHH000489: No JTA platform available (set 'hibernate.transaction.jta.platform' to enable JTA platform integration)
[2026-07-08 10:08:48.248] [INFO ] [restartedMain] org.springframework.orm.jpa.LocalContainerEntityManagerFactoryBean Initialized JPA EntityManagerFactory for persistence unit 'default'
[2026-07-08 10:08:48.335] [INFO ] [restartedMain] com.webjjang.api.config.security.JwtTokenProvider [init] JwtTokenProvider ļé┤ secretKey ņØ┤ņÜ® key ņ┤łĻĖ░ĒÖö ņŗ£ņ×æ
[2026-07-08 10:08:48.336] [INFO ] [restartedMain] com.webjjang.api.config.security.JwtTokenProvider [init] JwtTokenProvider ļé┤ secretKey ņØ┤ņÜ® key ņ┤łĻĖ░ĒÖö ņ┤łĻĖ░ĒÖö ņÖäļŻī
[2026-07-08 10:08:48.388] [WARN ] [restartedMain] org.springframework.boot.autoconfigure.orm.jpa.JpaBaseConfiguration$JpaWebConfiguration spring.jpa.open-in-view is enabled by default. Therefore, database queries may be performed during view rendering. Explicitly configure spring.jpa.open-in-view to disable this warning
[2026-07-08 10:08:48.402] [WARN ] [restartedMain] org.springframework.boot.autoconfigure.security.servlet.UserDetailsServiceAutoConfiguration 

Using generated security password: 82c25b93-29f0-4d5b-a913-1e37fc5645af

This generated password is for development use only. Your security configuration must be updated before running your application in production.

[2026-07-08 10:08:48.402] [INFO ] [restartedMain] org.springframework.security.config.annotation.authentication.configuration.InitializeUserDetailsBeanManagerConfigurer$InitializeUserDetailsManagerConfigurer Global AuthenticationManager configured with UserDetailsService bean with name inMemoryUserDetailsManager
[2026-07-08 10:08:48.524] [INFO ] [restartedMain] org.springframework.boot.actuate.endpoint.web.EndpointLinksResolver Exposing 1 endpoint beneath base path '/actuator'
[2026-07-08 10:08:48.540] [WARN ] [restartedMain] org.springframework.security.config.annotation.web.configurers.AuthorizeHttpRequestsConfigurer$AuthorizationManagerRequestMatcherRegistry One of the patterns in [**exception**] is missing a leading slash. This is discouraged; please include the leading slash in all your request matcher patterns. In future versions of Spring Security, leaving out the leading slash will result in an exception.
[2026-07-08 10:08:48.662] [INFO ] [restartedMain] org.springframework.boot.devtools.autoconfigure.OptionalLiveReloadServer LiveReload server is running on port 35729
[2026-07-08 10:08:48.678] [INFO ] [restartedMain] org.apache.coyote.http11.Http11NioProtocol Starting ProtocolHandler ["http-nio-80"]
[2026-07-08 10:08:48.693] [INFO ] [restartedMain] org.springframework.boot.web.embedded.tomcat.TomcatWebServer Tomcat started on port 80 (http) with context path '/'
[2026-07-08 10:08:48.703] [INFO ] [restartedMain] com.webjjang.api.WebjjangBackApplication Started WebjjangBackApplication in 1.126 seconds (process running for 246.803)
[2026-07-08 10:08:48.704] [WARN ] [restartedMain] org.springdoc.core.events.SpringDocAppInitializer SpringDoc /v3/api-docs endpoint is enabled by default. To disable it in production, set the property 'springdoc.api-docs.enabled=false'
[2026-07-08 10:08:48.704] [WARN ] [restartedMain] org.springdoc.core.events.SpringDocAppInitializer SpringDoc /swagger-ui.html endpoint is enabled by default. To disable it in production, set the property 'springdoc.swagger-ui.enabled=false'
[2026-07-08 10:08:48.706] [INFO ] [restartedMain] org.springframework.boot.devtools.autoconfigure.ConditionEvaluationDeltaLoggingListener Condition evaluation unchanged
[2026-07-08 10:19:50.408] [INFO ] [File Watcher] org.springframework.boot.devtools.autoconfigure.LocalDevToolsAutoConfiguration$RestartingClassPathChangeChangedEventListener Restarting due to 1 class path change (0 additions, 1 deletion, 0 modifications)
[2026-07-08 10:19:50.409] [INFO ] [Thread-7] org.springframework.boot.web.embedded.tomcat.GracefulShutdown Commencing graceful shutdown. Waiting for active requests to complete
[2026-07-08 10:19:50.410] [INFO ] [tomcat-shutdown] org.apache.coyote.http11.Http11NioProtocol Pausing ProtocolHandler ["http-nio-80"]
[2026-07-08 10:19:50.452] [INFO ] [tomcat-shutdown] org.springframework.boot.web.embedded.tomcat.GracefulShutdown Graceful shutdown complete
[2026-07-08 10:19:50.453] [INFO ] [Thread-7] org.apache.coyote.http11.Http11NioProtocol Stopping ProtocolHandler ["http-nio-80"]
[2026-07-08 10:19:50.455] [INFO ] [Thread-7] org.springframework.orm.jpa.LocalContainerEntityManagerFactoryBean Closing JPA EntityManagerFactory for persistence unit 'default'
[2026-07-08 10:19:50.455] [INFO ] [Thread-7] com.zaxxer.hikari.HikariDataSource HikariPool-2 - Shutdown initiated...
[2026-07-08 10:19:50.457] [INFO ] [Thread-7] com.zaxxer.hikari.HikariDataSource HikariPool-2 - Shutdown completed.
[2026-07-08 10:19:50.514] [INFO ] [restartedMain] com.webjjang.api.WebjjangBackApplication Starting WebjjangBackApplication using Java 17.0.12 with PID 11140 (D:\leeyh\workspace\springboot-react-project\202512springboot_react_project\webjjang_back\target\classes started by User in D:\leeyh\workspace\springboot-react-project\202512springboot_react_project\webjjang_back)
[2026-07-08 10:19:50.515] [INFO ] [restartedMain] com.webjjang.api.WebjjangBackApplication No active profile set, falling back to 1 default profile: "default"
[2026-07-08 10:19:50.721] [INFO ] [restartedMain] org.springframework.data.repository.config.RepositoryConfigurationDelegate Bootstrapping Spring Data JPA repositories in DEFAULT mode.
[2026-07-08 10:19:50.737] [INFO ] [restartedMain] org.springframework.data.repository.config.RepositoryConfigurationDelegate Finished Spring Data repository scanning in 15 ms. Found 3 JPA repository interfaces.
[2026-07-08 10:19:50.821] [INFO ] [restartedMain] org.springframework.boot.web.embedded.tomcat.TomcatWebServer Tomcat initialized with port 80 (http)
[2026-07-08 10:19:50.821] [INFO ] [restartedMain] org.apache.coyote.http11.Http11NioProtocol Initializing ProtocolHandler ["http-nio-80"]
[2026-07-08 10:19:50.822] [INFO ] [restartedMain] org.apache.catalina.core.StandardService Starting service [Tomcat]
[2026-07-08 10:19:50.822] [INFO ] [restartedMain] org.apache.catalina.core.StandardEngine Starting Servlet engine: [Apache Tomcat/10.1.55]
[2026-07-08 10:19:50.854] [INFO ] [restartedMain] org.apache.catalina.core.ContainerBase.[Tomcat].[localhost].[/] Initializing Spring embedded WebApplicationContext
[2026-07-08 10:19:50.854] [INFO ] [restartedMain] org.springframework.boot.web.servlet.context.ServletWebServerApplicationContext Root WebApplicationContext: initialization completed in 338 ms
[2026-07-08 10:19:50.903] [INFO ] [restartedMain] org.hibernate.jpa.internal.util.LogHelper HHH000204: Processing PersistenceUnitInfo [name: default]
[2026-07-08 10:19:50.905] [INFO ] [restartedMain] org.hibernate.cache.internal.RegionFactoryInitiator HHH000026: Second-level cache disabled
[2026-07-08 10:19:50.909] [INFO ] [restartedMain] org.springframework.orm.jpa.persistenceunit.SpringPersistenceUnitInfo No LoadTimeWeaver setup: ignoring JPA class transformer
[2026-07-08 10:19:50.909] [INFO ] [restartedMain] com.zaxxer.hikari.HikariDataSource HikariPool-3 - Starting...
[2026-07-08 10:19:50.912] [INFO ] [restartedMain] com.zaxxer.hikari.pool.HikariPool HikariPool-3 - Added connection org.mariadb.jdbc.Connection@5f03440e
[2026-07-08 10:19:50.913] [INFO ] [restartedMain] com.zaxxer.hikari.HikariDataSource HikariPool-3 - Start completed.
[2026-07-08 10:19:50.913] [INFO ] [restartedMain] org.hibernate.orm.connections.pooling HHH10001005: Database info:
	Database JDBC URL [Connecting through datasource 'HikariDataSource (HikariPool-3)']
	Database driver: undefined/unknown
	Database version: 10.6.27
	Autocommit mode: undefined/unknown
	Isolation level: undefined/unknown
	Minimum pool size: undefined/unknown
	Maximum pool size: undefined/unknown
[2026-07-08 10:19:50.974] [INFO ] [restartedMain] org.hibernate.engine.transaction.jta.platform.internal.JtaPlatformInitiator HHH000489: No JTA platform available (set 'hibernate.transaction.jta.platform' to enable JTA platform integration)
[2026-07-08 10:19:50.975] [INFO ] [restartedMain] org.springframework.orm.jpa.LocalContainerEntityManagerFactoryBean Initialized JPA EntityManagerFactory for persistence unit 'default'
[2026-07-08 10:19:50.980] [WARN ] [restartedMain] org.springframework.boot.web.servlet.context.AnnotationConfigServletWebServerApplicationContext Exception encountered during context initialization - cancelling refresh attempt: org.springframework.beans.factory.UnsatisfiedDependencyException: Error creating bean with name 'boardRestController' defined in file [D:\leeyh\workspace\springboot-react-project\202512springboot_react_project\webjjang_back\target\classes\com\webjjang\api\board\controller\BoardRestController.class]: Unsatisfied dependency expressed through constructor parameter 0: No qualifying bean of type 'com.webjjang.api.board.service.BoardService' available: expected at least 1 bean which qualifies as autowire candidate. Dependency annotations: {}
[2026-07-08 10:19:50.980] [INFO ] [restartedMain] org.springframework.orm.jpa.LocalContainerEntityManagerFactoryBean Closing JPA EntityManagerFactory for persistence unit 'default'
[2026-07-08 10:19:50.981] [INFO ] [restartedMain] com.zaxxer.hikari.HikariDataSource HikariPool-3 - Shutdown initiated...
[2026-07-08 10:19:50.982] [INFO ] [restartedMain] com.zaxxer.hikari.HikariDataSource HikariPool-3 - Shutdown completed.
[2026-07-08 10:19:50.982] [INFO ] [restartedMain] org.apache.catalina.core.StandardService Stopping service [Tomcat]
[2026-07-08 10:19:50.990] [INFO ] [restartedMain] org.springframework.boot.autoconfigure.logging.ConditionEvaluationReportLogger 

Error starting ApplicationContext. To display the condition evaluation report re-run your application with 'debug' enabled.
[2026-07-08 10:19:51.004] [ERROR] [restartedMain] org.springframework.boot.diagnostics.LoggingFailureAnalysisReporter 

***************************
APPLICATION FAILED TO START
***************************

Description:

Parameter 0 of constructor in com.webjjang.api.board.controller.BoardRestController required a bean of type 'com.webjjang.api.board.service.BoardService' that could not be found.


Action:

Consider defining a bean of type 'com.webjjang.api.board.service.BoardService' in your configuration.

[2026-07-08 10:33:13.432] [INFO ] [restartedMain] com.webjjang.api.WebjjangBackApplication Starting WebjjangBackApplication using Java 17.0.12 with PID 11140 (D:\leeyh\workspace\springboot-react-project\202512springboot_react_project\webjjang_back\target\classes started by User in D:\leeyh\workspace\springboot-react-project\202512springboot_react_project\webjjang_back)
[2026-07-08 10:33:13.432] [INFO ] [restartedMain] com.webjjang.api.WebjjangBackApplication No active profile set, falling back to 1 default profile: "default"
[2026-07-08 10:33:13.594] [INFO ] [restartedMain] org.springframework.data.repository.config.RepositoryConfigurationDelegate Bootstrapping Spring Data JPA repositories in DEFAULT mode.
[2026-07-08 10:33:13.607] [INFO ] [restartedMain] org.springframework.data.repository.config.RepositoryConfigurationDelegate Finished Spring Data repository scanning in 12 ms. Found 3 JPA repository interfaces.
[2026-07-08 10:33:13.670] [INFO ] [restartedMain] org.springframework.boot.web.embedded.tomcat.TomcatWebServer Tomcat initialized with port 80 (http)
[2026-07-08 10:33:13.671] [INFO ] [restartedMain] org.apache.coyote.http11.Http11NioProtocol Initializing ProtocolHandler ["http-nio-80"]
[2026-07-08 10:33:13.671] [INFO ] [restartedMain] org.apache.catalina.core.StandardService Starting service [Tomcat]
[2026-07-08 10:33:13.671] [INFO ] [restartedMain] org.apache.catalina.core.StandardEngine Starting Servlet engine: [Apache Tomcat/10.1.55]
[2026-07-08 10:33:13.691] [INFO ] [restartedMain] org.apache.catalina.core.ContainerBase.[Tomcat-1].[localhost].[/] Initializing Spring embedded WebApplicationContext
[2026-07-08 10:33:13.692] [INFO ] [restartedMain] org.springframework.boot.web.servlet.context.ServletWebServerApplicationContext Root WebApplicationContext: initialization completed in 258 ms
[2026-07-08 10:33:13.726] [INFO ] [restartedMain] org.hibernate.jpa.internal.util.LogHelper HHH000204: Processing PersistenceUnitInfo [name: default]
[2026-07-08 10:33:13.728] [INFO ] [restartedMain] org.hibernate.cache.internal.RegionFactoryInitiator HHH000026: Second-level cache disabled
[2026-07-08 10:33:13.733] [INFO ] [restartedMain] org.springframework.orm.jpa.persistenceunit.SpringPersistenceUnitInfo No LoadTimeWeaver setup: ignoring JPA class transformer
[2026-07-08 10:33:13.734] [INFO ] [restartedMain] com.zaxxer.hikari.HikariDataSource HikariPool-4 - Starting...
[2026-07-08 10:33:13.737] [INFO ] [restartedMain] com.zaxxer.hikari.pool.HikariPool HikariPool-4 - Added connection org.mariadb.jdbc.Connection@66cdb2ee
[2026-07-08 10:33:13.737] [INFO ] [restartedMain] com.zaxxer.hikari.HikariDataSource HikariPool-4 - Start completed.
[2026-07-08 10:33:13.737] [INFO ] [restartedMain] org.hibernate.orm.connections.pooling HHH10001005: Database info:
	Database JDBC URL [Connecting through datasource 'HikariDataSource (HikariPool-4)']
	Database driver: undefined/unknown
	Database version: 10.6.27
	Autocommit mode: undefined/unknown
	Isolation level: undefined/unknown
	Minimum pool size: undefined/unknown
	Maximum pool size: undefined/unknown
[2026-07-08 10:33:13.772] [INFO ] [restartedMain] org.hibernate.engine.transaction.jta.platform.internal.JtaPlatformInitiator HHH000489: No JTA platform available (set 'hibernate.transaction.jta.platform' to enable JTA platform integration)
[2026-07-08 10:33:13.772] [INFO ] [restartedMain] org.springframework.orm.jpa.LocalContainerEntityManagerFactoryBean Initialized JPA EntityManagerFactory for persistence unit 'default'
[2026-07-08 10:33:13.814] [INFO ] [restartedMain] com.webjjang.api.config.security.JwtTokenProvider [init] JwtTokenProvider ļé┤ secretKey ņØ┤ņÜ® key ņ┤łĻĖ░ĒÖö ņŗ£ņ×æ
[2026-07-08 10:33:13.814] [INFO ] [restartedMain] com.webjjang.api.config.security.JwtTokenProvider [init] JwtTokenProvider ļé┤ secretKey ņØ┤ņÜ® key ņ┤łĻĖ░ĒÖö ņ┤łĻĖ░ĒÖö ņÖäļŻī
[2026-07-08 10:33:13.835] [WARN ] [restartedMain] org.springframework.boot.autoconfigure.orm.jpa.JpaBaseConfiguration$JpaWebConfiguration spring.jpa.open-in-view is enabled by default. Therefore, database queries may be performed during view rendering. Explicitly configure spring.jpa.open-in-view to disable this warning
[2026-07-08 10:33:13.841] [WARN ] [restartedMain] org.springframework.boot.autoconfigure.security.servlet.UserDetailsServiceAutoConfiguration 

Using generated security password: ad68f549-ed58-46c2-80fc-29dcd95e9d55

This generated password is for development use only. Your security configuration must be updated before running your application in production.

[2026-07-08 10:33:13.842] [INFO ] [restartedMain] org.springframework.security.config.annotation.authentication.configuration.InitializeUserDetailsBeanManagerConfigurer$InitializeUserDetailsManagerConfigurer Global AuthenticationManager configured with UserDetailsService bean with name inMemoryUserDetailsManager
[2026-07-08 10:33:13.903] [INFO ] [restartedMain] org.springframework.boot.actuate.endpoint.web.EndpointLinksResolver Exposing 1 endpoint beneath base path '/actuator'
[2026-07-08 10:33:13.914] [WARN ] [restartedMain] org.springframework.security.config.annotation.web.configurers.AuthorizeHttpRequestsConfigurer$AuthorizationManagerRequestMatcherRegistry One of the patterns in [**exception**] is missing a leading slash. This is discouraged; please include the leading slash in all your request matcher patterns. In future versions of Spring Security, leaving out the leading slash will result in an exception.
[2026-07-08 10:33:13.975] [INFO ] [restartedMain] org.springframework.boot.devtools.autoconfigure.OptionalLiveReloadServer LiveReload server is running on port 35729
[2026-07-08 10:33:13.984] [INFO ] [restartedMain] org.apache.coyote.http11.Http11NioProtocol Starting ProtocolHandler ["http-nio-80"]
[2026-07-08 10:33:13.987] [INFO ] [restartedMain] org.springframework.boot.web.embedded.tomcat.TomcatWebServer Tomcat started on port 80 (http) with context path '/'
[2026-07-08 10:33:13.993] [INFO ] [restartedMain] com.webjjang.api.WebjjangBackApplication Started WebjjangBackApplication in 0.574 seconds (process running for 1712.093)
[2026-07-08 10:33:13.994] [WARN ] [restartedMain] org.springdoc.core.events.SpringDocAppInitializer SpringDoc /v3/api-docs endpoint is enabled by default. To disable it in production, set the property 'springdoc.api-docs.enabled=false'
[2026-07-08 10:33:13.994] [WARN ] [restartedMain] org.springdoc.core.events.SpringDocAppInitializer SpringDoc /swagger-ui.html endpoint is enabled by default. To disable it in production, set the property 'springdoc.swagger-ui.enabled=false'
[2026-07-08 10:33:13.994] [INFO ] [restartedMain] org.springframework.boot.devtools.autoconfigure.ConditionEvaluationDeltaLoggingListener Condition evaluation unchanged
[2026-07-08 10:33:19.389] [INFO ] [SpringApplicationShutdownHook] org.springframework.boot.web.embedded.tomcat.GracefulShutdown Commencing graceful shutdown. Waiting for active requests to complete
[2026-07-08 10:33:19.434] [INFO ] [tomcat-shutdown] org.springframework.boot.web.embedded.tomcat.GracefulShutdown Graceful shutdown complete
[2026-07-08 10:33:19.436] [INFO ] [SpringApplicationShutdownHook] org.springframework.orm.jpa.LocalContainerEntityManagerFactoryBean Closing JPA EntityManagerFactory for persistence unit 'default'
[2026-07-08 10:33:19.436] [INFO ] [SpringApplicationShutdownHook] com.zaxxer.hikari.HikariDataSource HikariPool-4 - Shutdown initiated...
[2026-07-08 10:33:19.438] [INFO ] [SpringApplicationShutdownHook] com.zaxxer.hikari.HikariDataSource HikariPool-4 - Shutdown completed.
[2026-07-08 10:33:21.462] [INFO ] [background-preinit] org.hibernate.validator.internal.util.Version HV000001: Hibernate Validator 8.0.3.Final
[2026-07-08 10:33:21.499] [INFO ] [restartedMain] com.webjjang.api.WebjjangBackApplication Starting WebjjangBackApplication using Java 17.0.12 with PID 13372 (D:\leeyh\workspace\springboot-react-project\202512springboot_react_project\webjjang_back\target\classes started by User in D:\leeyh\workspace\springboot-react-project\202512springboot_react_project\webjjang_back)
[2026-07-08 10:33:21.499] [INFO ] [restartedMain] com.webjjang.api.WebjjangBackApplication No active profile set, falling back to 1 default profile: "default"
[2026-07-08 10:33:21.530] [INFO ] [restartedMain] org.springframework.boot.devtools.env.DevToolsPropertyDefaultsPostProcessor Devtools property defaults active! Set 'spring.devtools.add-properties' to 'false' to disable
[2026-07-08 10:33:21.530] [INFO ] [restartedMain] org.springframework.boot.devtools.env.DevToolsPropertyDefaultsPostProcessor For additional web related logging consider setting the 'logging.level.web' property to 'DEBUG'
[2026-07-08 10:33:22.191] [INFO ] [restartedMain] org.springframework.data.repository.config.RepositoryConfigurationDelegate Bootstrapping Spring Data JPA repositories in DEFAULT mode.
[2026-07-08 10:33:22.230] [INFO ] [restartedMain] org.springframework.data.repository.config.RepositoryConfigurationDelegate Finished Spring Data repository scanning in 33 ms. Found 3 JPA repository interfaces.
[2026-07-08 10:33:22.600] [INFO ] [restartedMain] org.springframework.boot.web.embedded.tomcat.TomcatWebServer Tomcat initialized with port 80 (http)
[2026-07-08 10:33:22.606] [INFO ] [restartedMain] org.apache.coyote.http11.Http11NioProtocol Initializing ProtocolHandler ["http-nio-80"]
[2026-07-08 10:33:22.607] [INFO ] [restartedMain] org.apache.catalina.core.StandardService Starting service [Tomcat]
[2026-07-08 10:33:22.607] [INFO ] [restartedMain] org.apache.catalina.core.StandardEngine Starting Servlet engine: [Apache Tomcat/10.1.55]
[2026-07-08 10:33:22.643] [INFO ] [restartedMain] org.apache.catalina.core.ContainerBase.[Tomcat].[localhost].[/] Initializing Spring embedded WebApplicationContext
[2026-07-08 10:33:22.643] [INFO ] [restartedMain] org.springframework.boot.web.servlet.context.ServletWebServerApplicationContext Root WebApplicationContext: initialization completed in 1113 ms
[2026-07-08 10:33:22.762] [INFO ] [restartedMain] org.hibernate.jpa.internal.util.LogHelper HHH000204: Processing PersistenceUnitInfo [name: default]
[2026-07-08 10:33:22.790] [INFO ] [restartedMain] org.hibernate.Version HHH000412: Hibernate ORM core version 6.6.53.Final
[2026-07-08 10:33:22.805] [INFO ] [restartedMain] org.hibernate.cache.internal.RegionFactoryInitiator HHH000026: Second-level cache disabled
[2026-07-08 10:33:22.940] [INFO ] [restartedMain] org.springframework.orm.jpa.persistenceunit.SpringPersistenceUnitInfo No LoadTimeWeaver setup: ignoring JPA class transformer
[2026-07-08 10:33:22.955] [INFO ] [restartedMain] com.zaxxer.hikari.HikariDataSource HikariPool-1 - Starting...
[2026-07-08 10:33:22.997] [INFO ] [restartedMain] com.zaxxer.hikari.pool.HikariPool HikariPool-1 - Added connection org.mariadb.jdbc.Connection@4a8e86af
[2026-07-08 10:33:22.998] [INFO ] [restartedMain] com.zaxxer.hikari.HikariDataSource HikariPool-1 - Start completed.
[2026-07-08 10:33:23.034] [INFO ] [restartedMain] org.hibernate.orm.connections.pooling HHH10001005: Database info:
	Database JDBC URL [Connecting through datasource 'HikariDataSource (HikariPool-1)']
	Database driver: undefined/unknown
	Database version: 10.6.27
	Autocommit mode: undefined/unknown
	Isolation level: undefined/unknown
	Minimum pool size: undefined/unknown
	Maximum pool size: undefined/unknown
[2026-07-08 10:33:23.525] [INFO ] [restartedMain] org.hibernate.engine.transaction.jta.platform.internal.JtaPlatformInitiator HHH000489: No JTA platform available (set 'hibernate.transaction.jta.platform' to enable JTA platform integration)
[2026-07-08 10:33:23.527] [INFO ] [restartedMain] org.springframework.orm.jpa.LocalContainerEntityManagerFactoryBean Initialized JPA EntityManagerFactory for persistence unit 'default'
[2026-07-08 10:33:23.749] [INFO ] [restartedMain] com.webjjang.api.config.security.JwtTokenProvider [init] JwtTokenProvider ļé┤ secretKey ņØ┤ņÜ® key ņ┤łĻĖ░ĒÖö ņŗ£ņ×æ
[2026-07-08 10:33:23.750] [INFO ] [restartedMain] com.webjjang.api.config.security.JwtTokenProvider [init] JwtTokenProvider ļé┤ secretKey ņØ┤ņÜ® key ņ┤łĻĖ░ĒÖö ņ┤łĻĖ░ĒÖö ņÖäļŻī
[2026-07-08 10:33:23.817] [WARN ] [restartedMain] org.springframework.boot.autoconfigure.orm.jpa.JpaBaseConfiguration$JpaWebConfiguration spring.jpa.open-in-view is enabled by default. Therefore, database queries may be performed during view rendering. Explicitly configure spring.jpa.open-in-view to disable this warning
[2026-07-08 10:33:23.835] [WARN ] [restartedMain] org.springframework.boot.autoconfigure.security.servlet.UserDetailsServiceAutoConfiguration 

Using generated security password: 0f2600b5-9220-4def-a2f6-1503865d6ee6

This generated password is for development use only. Your security configuration must be updated before running your application in production.

[2026-07-08 10:33:23.839] [INFO ] [restartedMain] org.springframework.security.config.annotation.authentication.configuration.InitializeUserDetailsBeanManagerConfigurer$InitializeUserDetailsManagerConfigurer Global AuthenticationManager configured with UserDetailsService bean with name inMemoryUserDetailsManager
[2026-07-08 10:33:24.042] [INFO ] [restartedMain] org.springframework.boot.actuate.endpoint.web.EndpointLinksResolver Exposing 1 endpoint beneath base path '/actuator'
[2026-07-08 10:33:24.062] [WARN ] [restartedMain] org.springframework.security.config.annotation.web.configurers.AuthorizeHttpRequestsConfigurer$AuthorizationManagerRequestMatcherRegistry One of the patterns in [**exception**] is missing a leading slash. This is discouraged; please include the leading slash in all your request matcher patterns. In future versions of Spring Security, leaving out the leading slash will result in an exception.
[2026-07-08 10:33:24.299] [INFO ] [restartedMain] org.springframework.boot.devtools.autoconfigure.OptionalLiveReloadServer LiveReload server is running on port 35729
[2026-07-08 10:33:24.332] [INFO ] [restartedMain] org.apache.coyote.http11.Http11NioProtocol Starting ProtocolHandler ["http-nio-80"]
[2026-07-08 10:33:24.353] [INFO ] [restartedMain] org.springframework.boot.web.embedded.tomcat.TomcatWebServer Tomcat started on port 80 (http) with context path '/'
[2026-07-08 10:33:24.365] [INFO ] [restartedMain] com.webjjang.api.WebjjangBackApplication Started WebjjangBackApplication in 3.242 seconds (process running for 3.828)
[2026-07-08 10:33:24.369] [WARN ] [restartedMain] org.springdoc.core.events.SpringDocAppInitializer SpringDoc /v3/api-docs endpoint is enabled by default. To disable it in production, set the property 'springdoc.api-docs.enabled=false'
[2026-07-08 10:33:24.369] [WARN ] [restartedMain] org.springdoc.core.events.SpringDocAppInitializer SpringDoc /swagger-ui.html endpoint is enabled by default. To disable it in production, set the property 'springdoc.swagger-ui.enabled=false'
[2026-07-08 10:33:24.455] [INFO ] [RMI TCP Connection(2)-10.15.21.178] org.apache.catalina.core.ContainerBase.[Tomcat].[localhost].[/] Initializing Spring DispatcherServlet 'dispatcherServlet'
[2026-07-08 10:33:24.456] [INFO ] [RMI TCP Connection(2)-10.15.21.178] org.springframework.web.servlet.DispatcherServlet Initializing Servlet 'dispatcherServlet'
[2026-07-08 10:33:24.457] [INFO ] [RMI TCP Connection(2)-10.15.21.178] org.springframework.web.servlet.DispatcherServlet Completed initialization in 1 ms
